TN:
SF:/home/osnsab/Документы/Sem3/laba3/laba3/UnitC++Test/include/Array.cpp
FNL:0,12,15
FNA:0,2,_ZN5Array6removeEi
FNL:1,17,20
FNA:1,12,_ZNK5Array3getB5cxx11Ei
FNL:2,22,25
FNA:2,2,_ZN5Array3setEiRKNSt7__cxx1112basic_stringIcSt11char_traitsIcESaIcEEE
FNL:3,27,27
FNA:3,7,_ZNK5Array4sizeEv
FNL:4,28,28
FNA:4,4,_ZNK5Array5emptyEv
FNL:5,29,29
FNA:5,0,_ZNK5Array7isEmptyEv
FNL:6,31,36
FNA:6,2,_ZNK5Array9serializeB5cxx11Ev
FNL:7,38,41
FNA:7,2,_ZN5Array11deserializeERKN8nlohmann16json_abi_v3_11_310basic_jsonISt3mapSt6vectorNSt7__cxx1112basic_stringIcSt11char_traitsIcESaIcEEEblmdSaNS1_14adl_serializerES4_IhSaIhEEvEE
FNL:8,43,51
FNA:8,2,_ZNK5Array15serializeBinaryERSo
FNL:9,5,5
FNA:9,16,_ZN5ArrayC2Ei
FNL:10,53,64
FNA:10,2,_ZN5Array17deserializeBinaryERSi
FNL:11,66,71
FNA:11,1,_ZNK5Array13serializeTextERSo
FNL:12,7,10
FNA:12,18,_ZN5Array6insertEiRKNSt7__cxx1112basic_stringIcSt11char_traitsIcESaIcEEE
FNL:13,73,83
FNA:13,1,_ZN5Array15deserializeTextERSi
FNL:14,85,91
FNA:14,1,_ZNK5Array5printEv
FNF:15
FNH:14
DA:5,16
DA:7,18
DA:8,18
DA:9,51
DA:10,17
DA:12,2
DA:13,2
DA:14,3
DA:15,1
DA:17,12
DA:18,12
DA:19,11
DA:22,2
DA:23,2
DA:24,1
DA:25,1
DA:27,7
DA:28,4
DA:29,0
DA:31,2
DA:32,2
DA:33,2
DA:34,2
DA:35,2
DA:36,0
DA:38,2
DA:39,2
DA:40,2
DA:41,2
DA:43,2
DA:44,2
DA:45,2
DA:46,6
DA:47,2
DA:48,2
DA:49,2
DA:51,2
DA:53,2
DA:54,2
DA:56,2
DA:57,4
DA:59,2
DA:60,2
DA:61,2
DA:62,2
DA:63,2
DA:64,2
DA:66,1
DA:67,1
DA:68,4
DA:69,2
DA:71,1
DA:73,1
DA:74,1
DA:76,1
DA:77,1
DA:78,3
DA:79,2
DA:80,2
DA:81,2
DA:82,2
DA:83,1
DA:85,1
DA:86,1
DA:87,3
DA:88,1
DA:90,1
DA:91,1
LF:68
LH:66
end_of_record
TN:
SF:/home/osnsab/Документы/Sem3/laba3/laba3/UnitC++Test/include/Array.hpp
FNF:0
FNH:0
LF:0
LH:0
end_of_record
TN:
SF:/home/osnsab/Документы/Sem3/laba3/laba3/UnitC++Test/include/ChainHashTable.cpp
FNL:0,110,128
FNA:0,2,_ZNK14ChainHashTable15serializeBinaryERSo
FNL:1,130,156
FNA:1,2,_ZN14ChainHashTable17deserializeBinaryERSi
FNL:2,158,167
FNA:2,2,_ZNK14ChainHashTable13serializeTextERSo
FNL:3,169,185
FNA:3,2,_ZN14ChainHashTable15deserializeTextERSi
FNL:4,17,31
FNA:4,37,_ZN14ChainHashTable6insertERKNSt7__cxx1112basic_stringIcSt11char_traitsIcESaIcEEES7_
FNL:5,187,199
FNA:5,0,_ZNK14ChainHashTable7displayEv
FNL:6,33,42
FNA:6,34,_ZNK14ChainHashTable4findERKNSt7__cxx1112basic_stringIcSt11char_traitsIcESaIcEEE
FNL:7,44,53
FNA:7,2,_ZNK14ChainHashTable6hasKeyERKNSt7__cxx1112basic_stringIcSt11char_traitsIcESaIcEEE
FNL:8,5,7
FNA:8,16,_ZN14ChainHashTableC2Ei
FNL:9,55,66
FNA:9,2,_ZN14ChainHashTable6removeERKNSt7__cxx1112basic_stringIcSt11char_traitsIcESaIcEEE
FNL:10,68,70
FNA:10,9,_ZNK14ChainHashTable4sizeEv
FNL:11,72,74
FNA:11,5,_ZNK14ChainHashTable7isEmptyEv
FNL:12,76,94
FNA:12,2,_ZNK14ChainHashTable9serializeB5cxx11Ev
FNL:13,9,15
FNA:13,75,_ZNK14ChainHashTable4hashERKNSt7__cxx1112basic_stringIcSt11char_traitsIcESaIcEEE
FNL:14,96,108
FNA:14,2,_ZN14ChainHashTable11deserializeERKN8nlohmann16json_abi_v3_11_310basic_jsonISt3mapSt6vectorNSt7__cxx1112basic_stringIcSt11char_traitsIcESaIcEEEblmdSaNS1_14adl_serializerES4_IhSaIhEEvEE
FNF:15
FNH:14
DA:5,16
DA:6,16
DA:7,16
DA:9,75
DA:10,75
DA:11,497
DA:12,347
DA:14,75
DA:17,37
DA:18,37
DA:21,79
DA:22,43
DA:23,1
DA:24,1
DA:29,36
DA:30,36
DA:33,34
DA:34,34
DA:36,76
DA:37,74
DA:38,32
DA:41,4
DA:44,2
DA:45,2
DA:47,2
DA:48,1
DA:49,1
DA:52,1
DA:55,2
DA:56,2
DA:58,2
DA:59,2
DA:60,1
DA:61,1
DA:62,1
DA:63,1
DA:68,9
DA:69,9
DA:72,5
DA:73,5
DA:76,2
DA:77,2
DA:78,2
DA:79,2
DA:80,2
DA:82,36
DA:83,32
DA:84,35
DA:85,3
DA:86,3
DA:87,3
DA:88,3
DA:89,3
DA:90,32
DA:91,32
DA:93,2
DA:94,0
DA:96,2
DA:97,2
DA:98,2
DA:99,2
DA:100,2
DA:102,2
DA:103,34
DA:104,38
DA:105,3
DA:108,2
DA:110,2
DA:111,2
DA:112,2
DA:114,36
DA:115,32
DA:116,32
DA:118,35
DA:119,3
DA:120,3
DA:122,3
DA:123,3
DA:124,3
DA:125,3
DA:128,2
DA:130,2
DA:131,2
DA:133,2
DA:134,2
DA:136,2
DA:138,34
DA:140,32
DA:142,35
DA:145,3
DA:146,3
DA:147,3
DA:149,3
DA:150,3
DA:151,3
DA:153,3
DA:154,3
DA:156,2
DA:158,2
DA:159,2
DA:161,36
DA:162,32
DA:163,35
DA:164,3
DA:167,2
DA:169,2
DA:170,2
DA:172,2
DA:173,2
DA:175,34
DA:177,32
DA:179,35
DA:180,3
DA:181,3
DA:182,3
DA:183,3
DA:185,2
DA:187,0
DA:188,0
DA:190,0
DA:191,0
DA:192,0
DA:193,0
DA:194,0
DA:196,0
DA:199,0
LF:126
LH:116
end_of_record
TN:
SF:/home/osnsab/Документы/Sem3/laba3/laba3/UnitC++Test/include/ChainHashTable.hpp
FNL:0,11,11
FNA:0,45,_ZN8HashNodeC2ERKNSt7__cxx1112basic_stringIcSt11char_traitsIcESaIcEEES7_
FNF:1
FNH:1
DA:11,45
LF:1
LH:1
end_of_record
TN:
SF:/home/osnsab/Документы/Sem3/laba3/laba3/UnitC++Test/include/DoublyList.cpp
FNL:0,107,107
FNA:0,12,_ZNK10DoublyList4sizeEv
FNL:1,108,108
FNA:1,118,_ZNK10DoublyList7isEmptyEv
FNL:2,110,120
FNA:2,2,_ZNK10DoublyList9serializeB5cxx11Ev
FNL:3,122,128
FNA:3,2,_ZN10DoublyList11deserializeERKN8nlohmann16json_abi_v3_11_310basic_jsonISt3mapSt6vectorNSt7__cxx1112basic_stringIcSt11char_traitsIcESaIcEEEblmdSaNS1_14adl_serializerES4_IhSaIhEEvEE
FNL:4,13,23
FNA:4,3,_ZN10DoublyList9pushFrontERKNSt7__cxx1112basic_stringIcSt11char_traitsIcESaIcEEE
FNL:5,130,139
FNA:5,2,_ZNK10DoublyList15serializeBinaryERSo
FNL:6,141,152
FNA:6,2,_ZN10DoublyList17deserializeBinaryERSi
FNL:7,154,161
FNA:7,1,_ZNK10DoublyList13serializeTextERSo
FNL:8,163,173
FNA:8,1,_ZN10DoublyList15deserializeTextERSi
FNL:9,175,183
FNA:9,1,_ZNK10DoublyList5printEv
FNL:10,25,35
FNA:10,28,_ZN10DoublyList8pushBackERKNSt7__cxx1112basic_stringIcSt11char_traitsIcESaIcEEE
FNL:11,37,48
FNA:11,29,_ZN10DoublyList8popFrontEv
FNL:12,5,5
FNA:12,16,_ZN10DoublyListC2Ev
FNL:13,50,61
FNA:13,3,_ZN10DoublyList7popBackEv
FNL:14,63,79
FNA:14,4,_ZN10DoublyList6insertEiRKNSt7__cxx1112basic_stringIcSt11char_traitsIcESaIcEEE
FNL:15,7,11
FNA:15,16,_ZN10DoublyListD2Ev
FNL:16,81,96
FNA:16,4,_ZN10DoublyList6removeEi
FNL:17,98,105
FNA:17,23,_ZNK10DoublyList3getB5cxx11Ei
FNF:18
FNH:18
DA:5,16
DA:7,16
DA:8,42
DA:9,26
DA:11,16
DA:13,3
DA:14,3
DA:15,3
DA:16,1
DA:18,2
DA:19,2
DA:20,2
DA:22,3
DA:23,3
DA:25,28
DA:26,28
DA:27,28
DA:28,11
DA:30,17
DA:31,17
DA:32,17
DA:34,28
DA:35,28
DA:37,29
DA:38,29
DA:39,28
DA:40,28
DA:41,11
DA:43,17
DA:44,17
DA:46,28
DA:47,28
DA:48,28
DA:50,3
DA:51,3
DA:52,3
DA:53,3
DA:54,1
DA:56,2
DA:57,2
DA:59,3
DA:60,3
DA:61,3
DA:63,4
DA:64,4
DA:65,3
DA:67,2
DA:68,8
DA:69,6
DA:71,2
DA:73,1
DA:74,1
DA:75,1
DA:76,1
DA:77,1
DA:78,1
DA:81,4
DA:82,4
DA:83,4
DA:84,3
DA:86,2
DA:87,4
DA:88,2
DA:90,2
DA:92,1
DA:93,1
DA:94,1
DA:95,1
DA:98,23
DA:99,23
DA:100,40
DA:101,17
DA:103,23
DA:104,22
DA:107,12
DA:108,118
DA:110,2
DA:111,2
DA:112,2
DA:113,2
DA:114,2
DA:115,5
DA:116,3
DA:117,3
DA:119,2
DA:120,0
DA:122,2
DA:123,2
DA:124,2
DA:125,5
DA:126,3
DA:128,2
DA:130,2
DA:131,2
DA:132,2
DA:133,4
DA:134,2
DA:135,2
DA:136,2
DA:137,2
DA:139,2
DA:141,2
DA:142,2
DA:144,2
DA:145,4
DA:147,2
DA:148,2
DA:149,2
DA:150,2
DA:151,2
DA:152,2
DA:154,1
DA:155,1
DA:156,1
DA:157,3
DA:158,2
DA:159,2
DA:161,1
DA:163,1
DA:164,1
DA:166,1
DA:167,1
DA:168,3
DA:169,2
DA:170,2
DA:171,2
DA:172,2
DA:173,1
DA:175,1
DA:176,1
DA:177,1
DA:178,3
DA:179,2
DA:180,2
DA:182,1
DA:183,1
LF:136
LH:135
end_of_record
TN:
SF:/home/osnsab/Документы/Sem3/laba3/laba3/UnitC++Test/include/DoublyList.hpp
FNL:0,10,10
FNA:0,32,_ZN14DoublyListNodeC2ERKNSt7__cxx1112basic_stringIcSt11char_traitsIcESaIcEEE
FNF:1
FNH:1
DA:10,32
LF:1
LH:1
end_of_record
TN:
SF:/home/osnsab/Документы/Sem3/laba3/laba3/UnitC++Test/include/ForwardList.cpp
FNL:0,108,116
FNA:0,1,_ZNK11ForwardList8saveTextERKNSt7__cxx1112basic_stringIcSt11char_traitsIcESaIcEEE
FNL:1,118,133
FNA:1,1,_ZN11ForwardList8loadTextERKNSt7__cxx1112basic_stringIcSt11char_traitsIcESaIcEEE
FNL:2,135,143
FNA:2,0,_ZNK11ForwardList5printEv
FNL:3,16,22
FNA:3,24,_ZN11ForwardList8popFrontEv
FNL:4,24,33
FNA:4,3,_ZN11ForwardList6insertEiRKNSt7__cxx1112basic_stringIcSt11char_traitsIcESaIcEEE
FNL:5,35,45
FNA:5,1,_ZN11ForwardList6removeEi
FNL:6,47,52
FNA:6,15,_ZNK11ForwardList3getB5cxx11Ei
FNL:7,54,54
FNA:7,7,_ZNK11ForwardList4sizeEv
FNL:8,55,55
FNA:8,71,_ZNK11ForwardList7isEmptyEv
FNL:9,57,67
FNA:9,2,_ZNK11ForwardList6toJSONB5cxx11Ev
FNL:10,6,6
FNA:10,14,_ZN11ForwardListC2Ev
FNL:11,69,76
FNA:11,2,_ZN11ForwardList8fromJSONERKNSt7__cxx1112basic_stringIcSt11char_traitsIcESaIcEEE
FNL:12,7,7
FNA:12,14,_ZN11ForwardListD2Ev
FNL:13,78,88
FNA:13,2,_ZNK11ForwardList10saveBinaryERKNSt7__cxx1112basic_stringIcSt11char_traitsIcESaIcEEE
FNL:14,9,14
FNA:14,23,_ZN11ForwardList9pushFrontERKNSt7__cxx1112basic_stringIcSt11char_traitsIcESaIcEEE
FNL:15,90,106
FNA:15,2,_ZN11ForwardList10loadBinaryERKNSt7__cxx1112basic_stringIcSt11char_traitsIcESaIcEEE
FNF:16
FNH:15
DA:6,14
DA:7,36
DA:9,23
DA:10,23
DA:11,23
DA:12,23
DA:13,23
DA:14,23
DA:16,24
DA:17,24
DA:18,23
DA:19,23
DA:20,23
DA:21,23
DA:22,23
DA:24,3
DA:25,3
DA:26,1
DA:27,1
DA:28,1
DA:29,1
DA:30,1
DA:31,1
DA:32,1
DA:35,1
DA:36,1
DA:37,1
DA:38,1
DA:39,1
DA:40,1
DA:41,1
DA:42,1
DA:43,1
DA:44,1
DA:47,15
DA:48,15
DA:49,26
DA:50,15
DA:51,15
DA:54,7
DA:55,71
DA:57,2
DA:58,2
DA:59,2
DA:60,2
DA:61,2
DA:62,5
DA:63,3
DA:64,3
DA:66,4
DA:67,2
DA:69,2
DA:70,2
DA:71,2
DA:72,2
DA:73,5
DA:74,3
DA:76,2
DA:78,2
DA:79,2
DA:80,2
DA:81,2
DA:82,4
DA:83,2
DA:84,2
DA:85,2
DA:86,2
DA:88,2
DA:90,2
DA:91,2
DA:92,2
DA:94,2
DA:95,2
DA:96,4
DA:98,2
DA:99,2
DA:100,2
DA:101,2
DA:102,2
DA:103,4
DA:104,2
DA:106,2
DA:108,1
DA:109,1
DA:110,1
DA:111,1
DA:112,4
DA:113,3
DA:114,3
DA:116,1
DA:118,1
DA:119,1
DA:120,1
DA:122,1
DA:123,1
DA:124,1
DA:125,4
DA:126,3
DA:127,3
DA:128,3
DA:129,3
DA:130,4
DA:131,3
DA:133,1
DA:135,0
DA:136,0
DA:137,0
DA:138,0
DA:139,0
DA:140,0
DA:142,0
DA:143,0
LF:112
LH:104
end_of_record
TN:
SF:/home/osnsab/Документы/Sem3/laba3/laba3/UnitC++Test/include/ForwardList.hpp
FNL:0,7,7
FNA:0,24,_ZN15ForwardListNodeC2ERKNSt7__cxx1112basic_stringIcSt11char_traitsIcESaIcEEE
FNF:1
FNH:1
DA:7,24
LF:1
LH:1
end_of_record
TN:
SF:/home/osnsab/Документы/Sem3/laba3/laba3/UnitC++Test/include/Queue.cpp
FNL:0,106,122
FNA:0,2,_ZN5Queue17deserializeBinaryERSi
FNL:1,124,132
FNA:1,1,_ZNK5Queue13serializeTextERSo
FNL:2,134,148
FNA:2,1,_ZN5Queue15deserializeTextERSi
FNL:3,14,23
FNA:3,25,_ZN5Queue7enqueueERKNSt7__cxx1112basic_stringIcSt11char_traitsIcESaIcEEE
FNL:4,151,159
FNA:4,1,_ZNK5Queue5printEv
FNL:5,26,42
FNA:5,26,_ZN5Queue7dequeueB5cxx11Ev
FNL:6,44,49
FNA:6,8,_ZNK5Queue5frontB5cxx11Ev
FNL:7,5,5
FNA:7,14,_ZN5QueueC2Ev
FNL:8,51,53
FNA:8,0,_ZNK5Queue8getFrontB5cxx11Ev
FNL:9,55,57
FNA:9,103,_ZNK5Queue5emptyEv
FNL:10,59,61
FNA:10,0,_ZNK5Queue7isEmptyEv
FNL:11,63,65
FNA:11,9,_ZNK5Queue4sizeEv
FNL:12,68,80
FNA:12,2,_ZNK5Queue9serializeB5cxx11Ev
FNL:13,7,11
FNA:13,14,_ZN5QueueD2Ev
FNL:14,83,92
FNA:14,2,_ZN5Queue11deserializeERKN8nlohmann16json_abi_v3_11_310basic_jsonISt3mapSt6vectorNSt7__cxx1112basic_stringIcSt11char_traitsIcESaIcEEEblmdSaNS1_14adl_serializerES4_IhSaIhEEvEE
FNL:15,94,104
FNA:15,2,_ZNK5Queue15serializeBinaryERSo
FNF:16
FNH:14
DA:5,14
DA:7,14
DA:8,34
DA:9,20
DA:11,14
DA:14,25
DA:15,25
DA:16,25
DA:17,10
DA:19,15
DA:20,15
DA:22,25
DA:23,25
DA:26,26
DA:27,26
DA:28,1
DA:31,25
DA:32,25
DA:33,25
DA:35,25
DA:36,10
DA:39,25
DA:40,25
DA:41,25
DA:44,8
DA:45,8
DA:46,1
DA:48,7
DA:51,0
DA:52,0
DA:55,103
DA:56,103
DA:59,0
DA:60,0
DA:63,9
DA:64,9
DA:68,2
DA:69,2
DA:70,2
DA:71,2
DA:73,2
DA:74,5
DA:75,3
DA:76,3
DA:79,2
DA:80,0
DA:83,2
DA:84,2
DA:85,0
DA:88,2
DA:89,5
DA:90,3
DA:92,2
DA:94,2
DA:95,2
DA:97,2
DA:98,4
DA:99,2
DA:100,2
DA:101,2
DA:102,2
DA:104,2
DA:106,2
DA:107,2
DA:108,0
DA:112,2
DA:114,4
DA:116,2
DA:118,2
DA:119,2
DA:120,2
DA:121,2
DA:122,2
DA:124,1
DA:125,1
DA:127,1
DA:128,3
DA:129,2
DA:130,2
DA:132,1
DA:134,1
DA:135,1
DA:136,0
DA:140,1
DA:141,1
DA:143,3
DA:144,2
DA:145,2
DA:146,2
DA:147,2
DA:148,1
DA:151,1
DA:152,1
DA:153,1
DA:154,3
DA:155,2
DA:156,2
DA:158,1
DA:159,1
LF:99
LH:91
end_of_record
TN:
SF:/home/osnsab/Документы/Sem3/laba3/laba3/UnitC++Test/include/Queue.hpp
FNL:0,8,8
FNA:0,25,_ZN9QueueNodeC2ERKNSt7__cxx1112basic_stringIcSt11char_traitsIcESaIcEEE
FNF:1
FNH:1
DA:8,25
LF:1
LH:1
end_of_record
TN:
SF:/home/osnsab/Документы/Sem3/laba3/laba3/UnitC++Test/include/RedBlackTree.cpp
FNL:0,109,117
FNA:0,88,_ZNK12RedBlackTree6searchERKNSt7__cxx1112basic_stringIcSt11char_traitsIcESaIcEEE
FNL:1,119,128
FNA:1,0,_ZN12RedBlackTree6removeERKNSt7__cxx1112basic_stringIcSt11char_traitsIcESaIcEEE
FNL:2,13,15
FNA:2,16,_ZN12RedBlackTreeD2Ev
FNL:3,130,135
FNA:3,7,_ZNK12RedBlackTree7isEmptyEv
FNL:4,137,145
FNA:4,65,_ZNK12RedBlackTree16inorderTraversalEP6RBNodeRNSt7__cxx1112basic_stringIcSt11char_traitsIcESaIcEEE
FNL:5,147,154
FNA:5,2,_ZNK12RedBlackTree9serializeB5cxx11Ev
FNL:6,156,167
FNA:6,2,_ZN12RedBlackTree11deserializeERKN8nlohmann16json_abi_v3_11_310basic_jsonISt3mapSt6vectorNSt7__cxx1112basic_stringIcSt11char_traitsIcESaIcEEEblmdSaNS1_14adl_serializerES4_IhSaIhEEvEE
FNL:7,169,177
FNA:7,2,_ZNK12RedBlackTree15serializeBinaryERSo
FNL:8,17,28
FNA:8,35,_ZN12RedBlackTree10leftRotateEP6RBNode
FNL:9,179,193
FNA:9,2,_ZN12RedBlackTree17deserializeBinaryERSi
FNL:10,195,199
FNA:10,2,_ZNK12RedBlackTree13serializeTextERSo
FNL:11,201,213
FNA:11,2,_ZN12RedBlackTree15deserializeTextERSi
FNL:12,215,220
FNA:12,1,_ZNK12RedBlackTree5printEv
FNL:13,30,41
FNA:13,14,_ZN12RedBlackTree11rightRotateEP6RBNode
FNL:14,43,68
FNA:14,125,_ZN12RedBlackTree6insertERKNSt7__cxx1112basic_stringIcSt11char_traitsIcESaIcEEE
FNL:15,6,11
FNA:15,16,_ZN12RedBlackTreeC2Ev
FNL:16,70,107
FNA:16,114,_ZN12RedBlackTree11insertFixupEP6RBNode
FNF:17
FNH:16
DA:6,16
DA:7,48
DA:8,16
DA:9,16
DA:10,16
DA:11,16
DA:13,16
DA:15,16
DA:17,35
DA:18,35
DA:19,35
DA:20,35
DA:21,35
DA:22,35
DA:23,35
DA:24,29
DA:25,11
DA:26,35
DA:27,35
DA:30,14
DA:31,14
DA:32,14
DA:33,14
DA:34,14
DA:35,14
DA:36,14
DA:37,11
DA:38,1
DA:39,14
DA:40,14
DA:43,125
DA:44,125
DA:45,125
DA:46,125
DA:48,125
DA:49,11
DA:50,11
DA:51,11
DA:54,114
DA:55,114
DA:57,491
DA:58,377
DA:59,377
DA:60,244
DA:63,114
DA:64,114
DA:65,77
DA:67,114
DA:70,114
DA:71,194
DA:72,80
DA:73,29
DA:74,29
DA:75,15
DA:76,15
DA:77,15
DA:78,15
DA:80,14
DA:81,14
DA:82,14
DA:84,14
DA:85,14
DA:86,14
DA:89,51
DA:90,51
DA:91,30
DA:92,30
DA:93,30
DA:94,30
DA:96,21
DA:97,0
DA:98,0
DA:100,21
DA:101,21
DA:102,21
DA:106,114
DA:107,114
DA:109,88
DA:110,88
DA:111,329
DA:112,323
DA:113,241
DA:114,139
DA:116,6
DA:119,0
DA:120,0
DA:121,0
DA:122,0
DA:123,0
DA:125,0
DA:126,0
DA:128,0
DA:130,7
DA:131,7
DA:132,2
DA:133,2
DA:134,2
DA:135,2
DA:137,65
DA:138,65
DA:139,28
DA:140,28
DA:141,28
DA:143,28
DA:145,65
DA:147,2
DA:148,2
DA:149,2
DA:150,2
DA:151,2
DA:152,2
DA:153,2
DA:154,2
DA:156,2
DA:157,2
DA:158,2
DA:159,1
DA:160,1
DA:161,7
DA:162,5
DA:163,5
DA:166,1
DA:167,2
DA:169,2
DA:170,2
DA:171,2
DA:172,2
DA:173,2
DA:174,2
DA:175,1
DA:177,2
DA:179,2
DA:181,2
DA:182,2
DA:183,1
DA:184,1
DA:185,1
DA:186,1
DA:187,7
DA:188,5
DA:189,5
DA:192,1
DA:193,2
DA:195,2
DA:196,2
DA:197,2
DA:198,2
DA:199,2
DA:201,2
DA:202,2
DA:203,2
DA:204,2
DA:205,1
DA:206,1
DA:207,7
DA:208,5
DA:209,5
DA:212,1
DA:213,2
DA:215,1
DA:216,1
DA:217,1
DA:218,1
DA:219,1
DA:220,1
LF:165
LH:155
end_of_record
TN:
SF:/home/osnsab/Документы/Sem3/laba3/laba3/UnitC++Test/include/RedBlackTree.hpp
FNL:0,14,14
FNA:0,141,_ZN6RBNodeC2ERKNSt7__cxx1112basic_stringIcSt11char_traitsIcESaIcEEE
FNF:1
FNH:1
DA:14,141
LF:1
LH:1
end_of_record
TN:
SF:/home/osnsab/Документы/Sem3/laba3/laba3/UnitC++Test/include/Stack.cpp
FNL:0,108,129
FNA:0,2,_ZN5Stack17deserializeBinaryERSi
FNL:1,132,140
FNA:1,2,_ZNK5Stack13serializeTextERSo
FNL:2,14,19
FNA:2,26,_ZN5Stack4pushERKNSt7__cxx1112basic_stringIcSt11char_traitsIcESaIcEEE
FNL:3,143,162
FNA:3,2,_ZN5Stack15deserializeTextERSi
FNL:4,165,173
FNA:4,1,_ZNK5Stack5printEv
FNL:5,22,33
FNA:5,27,_ZN5Stack3popB5cxx11Ev
FNL:6,36,41
FNA:6,9,_ZNK5Stack3topB5cxx11Ev
FNL:7,43,45
FNA:7,85,_ZNK5Stack5emptyEv
FNL:8,47,49
FNA:8,0,_ZNK5Stack7isEmptyEv
FNL:9,5,5
FNA:9,15,_ZN5StackC2Ev
FNL:10,51,53
FNA:10,7,_ZNK5Stack4sizeEv
FNL:11,56,65
FNA:11,4,_ZNK5Stack8containsERKNSt7__cxx1112basic_stringIcSt11char_traitsIcESaIcEEE
FNL:12,68,80
FNA:12,2,_ZNK5Stack9serializeB5cxx11Ev
FNL:13,7,11
FNA:13,15,_ZN5StackD2Ev
FNL:14,83,92
FNA:14,2,_ZN5Stack11deserializeERKN8nlohmann16json_abi_v3_11_310basic_jsonISt3mapSt6vectorNSt7__cxx1112basic_stringIcSt11char_traitsIcESaIcEEEblmdSaNS1_14adl_serializerES4_IhSaIhEEvEE
FNL:15,95,105
FNA:15,2,_ZNK5Stack15serializeBinaryERSo
FNF:16
FNH:15
DA:5,15
DA:7,15
DA:8,37
DA:9,22
DA:11,15
DA:14,26
DA:15,26
DA:16,26
DA:17,26
DA:18,26
DA:19,26
DA:22,27
DA:23,27
DA:24,1
DA:27,26
DA:28,26
DA:29,26
DA:30,26
DA:31,26
DA:32,26
DA:36,9
DA:37,9
DA:38,1
DA:40,8
DA:43,85
DA:44,85
DA:47,0
DA:48,0
DA:51,7
DA:52,7
DA:56,4
DA:57,4
DA:58,7
DA:59,5
DA:60,2
DA:62,3
DA:64,2
DA:68,2
DA:69,2
DA:70,2
DA:71,2
DA:73,2
DA:74,5
DA:75,3
DA:76,3
DA:79,2
DA:80,0
DA:83,2
DA:84,2
DA:85,0
DA:88,2
DA:89,5
DA:90,3
DA:92,2
DA:95,2
DA:96,2
DA:98,2
DA:99,5
DA:100,3
DA:101,3
DA:102,3
DA:103,3
DA:105,2
DA:108,2
DA:109,2
DA:110,0
DA:114,2
DA:116,2
DA:117,5
DA:119,3
DA:121,3
DA:122,3
DA:123,3
DA:124,3
DA:126,5
DA:127,3
DA:129,2
DA:132,2
DA:133,2
DA:135,2
DA:136,5
DA:137,3
DA:138,3
DA:140,2
DA:143,2
DA:144,2
DA:145,0
DA:149,2
DA:150,2
DA:152,2
DA:153,5
DA:154,3
DA:155,3
DA:156,3
DA:157,3
DA:159,5
DA:160,3
DA:162,2
DA:165,1
DA:166,1
DA:167,1
DA:168,3
DA:169,2
DA:170,2
DA:172,1
DA:173,1
LF:106
LH:100
end_of_record
TN:
SF:/home/osnsab/Документы/Sem3/laba3/laba3/UnitC++Test/include/Stack.hpp
FNL:0,11,11
FNA:0,26,_ZN9StackNodeC2ERKNSt7__cxx1112basic_stringIcSt11char_traitsIcESaIcEEE
FNF:1
FNH:1
DA:11,26
LF:1
LH:1
end_of_record
TN:
SF:/home/osnsab/Документы/Sem3/laba3/laba3/UnitC++Test/nlohmann/json.hpp
FNL:0,12239,12249
FNA:0,2,_ZN8nlohmann16json_abi_v3_11_36detail6parserINS0_10basic_jsonISt3mapSt6vectorNSt7__cxx1112basic_stringIcSt11char_traitsIcESaIcEEEblmdSaNS0_14adl_serializerES5_IhSaIhEEvEENS1_22iterator_input_adapterIN9__gnu_cxx17__normal_iteratorIPKcSB_EEEEEC2EOSM_St8functionIFbiNS1_13parse_event_tERSF_EEbb
FNL:1,12261,12313
FNA:1,2,_ZN8nlohmann16json_abi_v3_11_36detail6parserINS0_10basic_jsonISt3mapSt6vectorNSt7__cxx1112basic_stringIcSt11char_traitsIcESaIcEEEblmdSaNS0_14adl_serializerES5_IhSaIhEEvEENS1_22iterator_input_adapterIN9__gnu_cxx17__normal_iteratorIPKcSB_EEEEE5parseEbRSF_
FNL:2,12348,12638
FNA:2,2,_ZN8nlohmann16json_abi_v3_11_36detail6parserINS0_10basic_jsonISt3mapSt6vectorNSt7__cxx1112basic_stringIcSt11char_traitsIcESaIcEEEblmdSaNS0_14adl_serializerES5_IhSaIhEEvEENS1_22iterator_input_adapterIN9__gnu_cxx17__normal_iteratorIPKcSB_EEEEE18sax_parse_internalINS1_19json_sax_dom_parserISF_EEEEbPT_
FNA:2,0,_ZN8nlohmann16json_abi_v3_11_36detail6parserINS0_10basic_jsonISt3mapSt6vectorNSt7__cxx1112basic_stringIcSt11char_traitsIcESaIcEEEblmdSaNS0_14adl_serializerES5_IhSaIhEEvEENS1_22iterator_input_adapterIN9__gnu_cxx17__normal_iteratorIPKcSB_EEEEE18sax_parse_internalINS1_28json_sax_dom_callback_parserISF_EEEEbPT_
FNL:3,12641,12644
FNA:3,27,_ZN8nlohmann16json_abi_v3_11_36detail6parserINS0_10basic_jsonISt3mapSt6vectorNSt7__cxx1112basic_stringIcSt11char_traitsIcESaIcEEEblmdSaNS0_14adl_serializerES5_IhSaIhEEvEENS1_22iterator_input_adapterIN9__gnu_cxx17__normal_iteratorIPKcSB_EEEEE9get_tokenEv
FNL:4,12646,12673
FNA:4,0,_ZN8nlohmann16json_abi_v3_11_36detail6parserINS0_10basic_jsonISt3mapSt6vectorNSt7__cxx1112basic_stringIcSt11char_traitsIcESaIcEEEblmdSaNS0_14adl_serializerES5_IhSaIhEEvEENS1_22iterator_input_adapterIN9__gnu_cxx17__normal_iteratorIPKcSB_EEEEE17exception_messageENS1_10lexer_baseISF_E10token_typeERKSB_
FNL:5,12750,12753
FNA:5,0,_ZN8nlohmann16json_abi_v3_11_36detail20primitive_iterator_t9set_beginEv
FNL:6,12756,12759
FNA:6,0,_ZN8nlohmann16json_abi_v3_11_36detail20primitive_iterator_t7set_endEv
FNL:7,12762,12765
FNA:7,0,_ZNK8nlohmann16json_abi_v3_11_36detail20primitive_iterator_t8is_beginEv
FNL:8,12773,12776
FNA:8,0,_ZN8nlohmann16json_abi_v3_11_36detaileqENS1_20primitive_iterator_tES2_
FNL:9,12795,12799
FNA:9,0,_ZN8nlohmann16json_abi_v3_11_36detail20primitive_iterator_tppEv
FNL:10,12808,12812
FNA:10,0,_ZN8nlohmann16json_abi_v3_11_36detail20primitive_iterator_tmmEv
FNL:11,12968,13000
FNA:11,4,_ZN8nlohmann16json_abi_v3_11_36detail9iter_implIKNS0_10basic_jsonISt3mapSt6vectorNSt7__cxx1112basic_stringIcSt11char_traitsIcESaIcEEEblmdSaNS0_14adl_serializerES5_IhSaIhEEvEEEC2EPSG_
FNA:11,86,_ZN8nlohmann16json_abi_v3_11_36detail9iter_implINS0_10basic_jsonISt3mapSt6vectorNSt7__cxx1112basic_stringIcSt11char_traitsIcESaIcEEEblmdSaNS0_14adl_serializerES5_IhSaIhEEvEEEC2EPSF_
FNL:12,13043,13045
FNA:12,60,_ZN8nlohmann16json_abi_v3_11_36detail9iter_implINS0_10basic_jsonISt3mapSt6vectorNSt7__cxx1112basic_stringIcSt11char_traitsIcESaIcEEEblmdSaNS0_14adl_serializerES5_IhSaIhEEvEEEC2ERKSG_
FNL:13,13065,13103
FNA:13,2,_ZN8nlohmann16json_abi_v3_11_36detail9iter_implIKNS0_10basic_jsonISt3mapSt6vectorNSt7__cxx1112basic_stringIcSt11char_traitsIcESaIcEEEblmdSaNS0_14adl_serializerES5_IhSaIhEEvEEE9set_beginEv
FNA:13,46,_ZN8nlohmann16json_abi_v3_11_36detail9iter_implINS0_10basic_jsonISt3mapSt6vectorNSt7__cxx1112basic_stringIcSt11char_traitsIcESaIcEEEblmdSaNS0_14adl_serializerES5_IhSaIhEEvEEE9set_beginEv
FNL:14,13109,13141
FNA:14,2,_ZN8nlohmann16json_abi_v3_11_36detail9iter_implIKNS0_10basic_jsonISt3mapSt6vectorNSt7__cxx1112basic_stringIcSt11char_traitsIcESaIcEEEblmdSaNS0_14adl_serializerES5_IhSaIhEEvEEE7set_endEv
FNA:14,40,_ZN8nlohmann16json_abi_v3_11_36detail9iter_implINS0_10basic_jsonISt3mapSt6vectorNSt7__cxx1112basic_stringIcSt11char_traitsIcESaIcEEEblmdSaNS0_14adl_serializerES5_IhSaIhEEvEEE7set_endEv
FNL:15,13148,13186
FNA:15,2,_ZNK8nlohmann16json_abi_v3_11_36detail9iter_implIKNS0_10basic_jsonISt3mapSt6vectorNSt7__cxx1112basic_stringIcSt11char_traitsIcESaIcEEEblmdSaNS0_14adl_serializerES5_IhSaIhEEvEEEdeEv
FNA:15,9,_ZNK8nlohmann16json_abi_v3_11_36detail9iter_implINS0_10basic_jsonISt3mapSt6vectorNSt7__cxx1112basic_stringIcSt11char_traitsIcESaIcEEEblmdSaNS0_14adl_serializerES5_IhSaIhEEvEEEdeEv
FNL:16,13192,13228
FNA:16,6,_ZNK8nlohmann16json_abi_v3_11_36detail9iter_implINS0_10basic_jsonISt3mapSt6vectorNSt7__cxx1112basic_stringIcSt11char_traitsIcESaIcEEEblmdSaNS0_14adl_serializerES5_IhSaIhEEvEEEptEv
FNL:17,13245,13279
FNA:17,2,_ZN8nlohmann16json_abi_v3_11_36detail9iter_implIKNS0_10basic_jsonISt3mapSt6vectorNSt7__cxx1112basic_stringIcSt11char_traitsIcESaIcEEEblmdSaNS0_14adl_serializerES5_IhSaIhEEvEEEppEv
FNA:17,9,_ZN8nlohmann16json_abi_v3_11_36detail9iter_implINS0_10basic_jsonISt3mapSt6vectorNSt7__cxx1112basic_stringIcSt11char_traitsIcESaIcEEEblmdSaNS0_14adl_serializerES5_IhSaIhEEvEEEppEv
FNL:18,13296,13330
FNA:18,12,_ZN8nlohmann16json_abi_v3_11_36detail9iter_implINS0_10basic_jsonISt3mapSt6vectorNSt7__cxx1112basic_stringIcSt11char_traitsIcESaIcEEEblmdSaNS0_14adl_serializerES5_IhSaIhEEvEEEmmEv
FNL:19,13337,13366
FNA:19,4,_ZNK8nlohmann16json_abi_v3_11_36detail9iter_implIKNS0_10basic_jsonISt3mapSt6vectorNSt7__cxx1112basic_stringIcSt11char_traitsIcESaIcEEEblmdSaNS0_14adl_serializerES5_IhSaIhEEvEEEeqISH_LDnEEEbRKT_
FNA:19,55,_ZNK8nlohmann16json_abi_v3_11_36detail9iter_implINS0_10basic_jsonISt3mapSt6vectorNSt7__cxx1112basic_stringIcSt11char_traitsIcESaIcEEEblmdSaNS0_14adl_serializerES5_IhSaIhEEvEEEeqISG_LDnEEEbRKT_
FNL:20,13373,13376
FNA:20,4,_ZNK8nlohmann16json_abi_v3_11_36detail9iter_implIKNS0_10basic_jsonISt3mapSt6vectorNSt7__cxx1112basic_stringIcSt11char_traitsIcESaIcEEEblmdSaNS0_14adl_serializerES5_IhSaIhEEvEEEneISH_LDnEEEbRKT_
FNA:20,45,_ZNK8nlohmann16json_abi_v3_11_36detail9iter_implINS0_10basic_jsonISt3mapSt6vectorNSt7__cxx1112basic_stringIcSt11char_traitsIcESaIcEEEblmdSaNS0_14adl_serializerES5_IhSaIhEEvEEEneISG_LDnEEEbRKT_
FNL:21,13678,13679
FNA:21,14,_ZN8nlohmann16json_abi_v3_11_36detail21json_reverse_iteratorINS1_9iter_implINS0_10basic_jsonISt3mapSt6vectorNSt7__cxx1112basic_stringIcSt11char_traitsIcESaIcEEEblmdSaNS0_14adl_serializerES6_IhSaIhEEvEEEEEC2ERKSH_
FNL:22,13691,13694
FNA:22,6,_ZN8nlohmann16json_abi_v3_11_36detail21json_reverse_iteratorINS1_9iter_implINS0_10basic_jsonISt3mapSt6vectorNSt7__cxx1112basic_stringIcSt11char_traitsIcESaIcEEEblmdSaNS0_14adl_serializerES6_IhSaIhEEvEEEEEppEv
FNL:23,14850,14857
FNA:23,0,_ZNK8nlohmann16json_abi_v3_11_36detail8json_refINS0_10basic_jsonISt3mapSt6vectorNSt7__cxx1112basic_stringIcSt11char_traitsIcESaIcEEEblmdSaNS0_14adl_serializerES5_IhSaIhEEvEEE15moved_or_copiedEv
FNL:24,14859,14862
FNA:24,0,_ZNK8nlohmann16json_abi_v3_11_36detail8json_refINS0_10basic_jsonISt3mapSt6vectorNSt7__cxx1112basic_stringIcSt11char_traitsIcESaIcEEEblmdSaNS0_14adl_serializerES5_IhSaIhEEvEEEdeEv
FNL:25,14864,14867
FNA:25,0,_ZNK8nlohmann16json_abi_v3_11_36detail8json_refINS0_10basic_jsonISt3mapSt6vectorNSt7__cxx1112basic_stringIcSt11char_traitsIcESaIcEEEblmdSaNS0_14adl_serializerES5_IhSaIhEEvEEEptEv
FNL:26,14948,14948
FNA:26,0,_ZN8nlohmann16json_abi_v3_11_36detail23output_adapter_protocolIcED0Ev
FNA:26,2,_ZN8nlohmann16json_abi_v3_11_36detail23output_adapter_protocolIcED2Ev
FNL:27,14950,14950
FNA:27,2,_ZN8nlohmann16json_abi_v3_11_36detail23output_adapter_protocolIcEC2Ev
FNL:28,15016,15018
FNA:28,2,_ZN8nlohmann16json_abi_v3_11_36detail21output_string_adapterIcNSt7__cxx1112basic_stringIcSt11char_traitsIcESaIcEEEEC2ERS8_
FNL:29,15020,15023
FNA:29,21,_ZN8nlohmann16json_abi_v3_11_36detail21output_string_adapterIcNSt7__cxx1112basic_stringIcSt11char_traitsIcESaIcEEEE15write_characterEc
FNL:30,15026,15029
FNA:30,13,_ZN8nlohmann16json_abi_v3_11_36detail21output_string_adapterIcNSt7__cxx1112basic_stringIcSt11char_traitsIcESaIcEEEE16write_charactersEPKcm
FNL:31,15048,15049
FNA:31,2,_ZN8nlohmann16json_abi_v3_11_36detail14output_adapterIcNSt7__cxx1112basic_stringIcSt11char_traitsIcESaIcEEEEC2ERS8_
FNL:32,15051,15054
FNA:32,2,_ZN8nlohmann16json_abi_v3_11_36detail14output_adapterIcNSt7__cxx1112basic_stringIcSt11char_traitsIcESaIcEEEEcvSt10shared_ptrINS1_23output_adapter_protocolIcEEEEv
FNL:33,16863,16866
FNA:33,0,_ZN8nlohmann16json_abi_v3_11_36detail13binary_writerINS0_10basic_jsonISt3mapSt6vectorNSt7__cxx1112basic_stringIcSt11char_traitsIcESaIcEEEblmdSaNS0_14adl_serializerES5_IhSaIhEEvEEcE12to_char_typeIccLPv0EEEcT_
FNL:34,16955,16962
FNA:34,0,_ZN8nlohmann16json_abi_v3_11_36detail9dtoa_impl16reinterpret_bitsImdEET_T0_
FNL:35,16971,16971
FNA:35,0,_ZN8nlohmann16json_abi_v3_11_36detail9dtoa_impl5diyfpC2Emi
FNL:36,16977,16983
FNA:36,0,_ZN8nlohmann16json_abi_v3_11_36detail9dtoa_impl5diyfp3subERKS3_S5_
FNL:37,16989,17048
FNA:37,0,_ZN8nlohmann16json_abi_v3_11_36detail9dtoa_impl5diyfp3mulERKS3_S5_
FNL:38,17054,17065
FNA:38,0,_ZN8nlohmann16json_abi_v3_11_36detail9dtoa_impl5diyfp9normalizeES3_
FNL:39,17071,17079
FNA:39,0,_ZN8nlohmann16json_abi_v3_11_36detail9dtoa_impl5diyfp12normalize_toERKS3_i
FNL:40,17096,17161
FNA:40,0,_ZN8nlohmann16json_abi_v3_11_36detail9dtoa_impl18compute_boundariesIdEENS2_10boundariesET_
FNL:41,17235,17393
FNA:41,0,_ZN8nlohmann16json_abi_v3_11_36detail9dtoa_impl36get_cached_power_for_binary_exponentEi
FNL:42,17399,17451
FNA:42,0,_ZN8nlohmann16json_abi_v3_11_36detail9dtoa_impl18find_largest_pow10EjRj
FNL:43,17453,17488
FNA:43,0,_ZN8nlohmann16json_abi_v3_11_36detail9dtoa_impl12grisu2_roundEPcimmmm
FNL:44,17494,17727
FNA:44,0,_ZN8nlohmann16json_abi_v3_11_36detail9dtoa_impl16grisu2_digit_genEPcRiS4_NS2_5diyfpES5_S5_
FNL:45,17735,17786
FNA:45,0,_ZN8nlohmann16json_abi_v3_11_36detail9dtoa_impl6grisu2EPcRiS4_NS2_5diyfpES5_S5_
FNL:46,17795,17826
FNA:46,0,_ZN8nlohmann16json_abi_v3_11_36detail9dtoa_impl6grisu2IdEEvPcRiS5_T_
FNL:47,17835,17874
FNA:47,0,_ZN8nlohmann16json_abi_v3_11_36detail9dtoa_impl15append_exponentEPci
FNL:48,17887,17955
FNA:48,0,_ZN8nlohmann16json_abi_v3_11_36detail9dtoa_impl13format_bufferEPciiii
FNL:49,17972,18022
FNA:49,0,_ZN8nlohmann16json_abi_v3_11_36detail8to_charsIdEEPcS3_PKcT_
FNL:50,18075,18084
FNA:50,2,_ZN8nlohmann16json_abi_v3_11_36detail10serializerINS0_10basic_jsonISt3mapSt6vectorNSt7__cxx1112basic_stringIcSt11char_traitsIcESaIcEEEblmdSaNS0_14adl_serializerES5_IhSaIhEEvEEEC2ESt10shared_ptrINS1_23output_adapter_protocolIcEEEcNS1_15error_handler_tE
FNL:51,18091,18091
FNA:51,2,_ZN8nlohmann16json_abi_v3_11_36detail10serializerINS0_10basic_jsonISt3mapSt6vectorNSt7__cxx1112basic_stringIcSt11char_traitsIcESaIcEEEblmdSaNS0_14adl_serializerES5_IhSaIhEEvEEED2Ev
FNL:52,18115,18382
FNA:52,9,_ZN8nlohmann16json_abi_v3_11_36detail10serializerINS0_10basic_jsonISt3mapSt6vectorNSt7__cxx1112basic_stringIcSt11char_traitsIcESaIcEEEblmdSaNS0_14adl_serializerES5_IhSaIhEEvEEE4dumpERKSF_bbjj
FNL:53,18399,18643
FNA:53,7,_ZN8nlohmann16json_abi_v3_11_36detail10serializerINS0_10basic_jsonISt3mapSt6vectorNSt7__cxx1112basic_stringIcSt11char_traitsIcESaIcEEEblmdSaNS0_14adl_serializerES5_IhSaIhEEvEEE12dump_escapedERKSB_b
FNL:54,18654,18678
FNA:54,1,_ZN8nlohmann16json_abi_v3_11_36detail10serializerINS0_10basic_jsonISt3mapSt6vectorNSt7__cxx1112basic_stringIcSt11char_traitsIcESaIcEEEblmdSaNS0_14adl_serializerES5_IhSaIhEEvEEE12count_digitsEm
FNL:55,18685,18692
FNA:55,0,_ZN8nlohmann16json_abi_v3_11_36detail10serializerINS0_10basic_jsonISt3mapSt6vectorNSt7__cxx1112basic_stringIcSt11char_traitsIcESaIcEEEblmdSaNS0_14adl_serializerES5_IhSaIhEEvEEE9hex_bytesEh
FNL:56,18696,18699
FNA:56,1,_ZN8nlohmann16json_abi_v3_11_36detail10serializerINS0_10basic_jsonISt3mapSt6vectorNSt7__cxx1112basic_stringIcSt11char_traitsIcESaIcEEEblmdSaNS0_14adl_serializerES5_IhSaIhEEvEEE18is_negative_numberIlLi0EEEbT_
FNL:57,18702,18705
FNA:57,0,_ZN8nlohmann16json_abi_v3_11_36detail10serializerINS0_10basic_jsonISt3mapSt6vectorNSt7__cxx1112basic_stringIcSt11char_traitsIcESaIcEEEblmdSaNS0_14adl_serializerES5_IhSaIhEEvEEE18is_negative_numberIhLi0EEEbT_
FNA:57,0,_ZN8nlohmann16json_abi_v3_11_36detail10serializerINS0_10basic_jsonISt3mapSt6vectorNSt7__cxx1112basic_stringIcSt11char_traitsIcESaIcEEEblmdSaNS0_14adl_serializerES5_IhSaIhEEvEEE18is_negative_numberImLi0EEEbT_
FNL:58,18722,18797
FNA:58,0,_ZN8nlohmann16json_abi_v3_11_36detail10serializerINS0_10basic_jsonISt3mapSt6vectorNSt7__cxx1112basic_stringIcSt11char_traitsIcESaIcEEEblmdSaNS0_14adl_serializerES5_IhSaIhEEvEEE12dump_integerIhLi0EEEvT_
FNA:58,2,_ZN8nlohmann16json_abi_v3_11_36detail10serializerINS0_10basic_jsonISt3mapSt6vectorNSt7__cxx1112basic_stringIcSt11char_traitsIcESaIcEEEblmdSaNS0_14adl_serializerES5_IhSaIhEEvEEE12dump_integerIlLi0EEEvT_
FNA:58,0,_ZN8nlohmann16json_abi_v3_11_36detail10serializerINS0_10basic_jsonISt3mapSt6vectorNSt7__cxx1112basic_stringIcSt11char_traitsIcESaIcEEEblmdSaNS0_14adl_serializerES5_IhSaIhEEvEEE12dump_integerImLi0EEEvT_
FNL:59,18807,18826
FNA:59,0,_ZN8nlohmann16json_abi_v3_11_36detail10serializerINS0_10basic_jsonISt3mapSt6vectorNSt7__cxx1112basic_stringIcSt11char_traitsIcESaIcEEEblmdSaNS0_14adl_serializerES5_IhSaIhEEvEEE10dump_floatEd
FNL:60,18828,18834
FNA:60,0,_ZN8nlohmann16json_abi_v3_11_36detail10serializerINS0_10basic_jsonISt3mapSt6vectorNSt7__cxx1112basic_stringIcSt11char_traitsIcESaIcEEEblmdSaNS0_14adl_serializerES5_IhSaIhEEvEEE10dump_floatEdSt17integral_constantIbLb1EE
FNL:61,18908,18941
FNA:61,40,_ZN8nlohmann16json_abi_v3_11_36detail10serializerINS0_10basic_jsonISt3mapSt6vectorNSt7__cxx1112basic_stringIcSt11char_traitsIcESaIcEEEblmdSaNS0_14adl_serializerES5_IhSaIhEEvEEE6decodeERhRjh
FNL:62,18963,18967
FNA:62,0,_ZN8nlohmann16json_abi_v3_11_36detail10serializerINS0_10basic_jsonISt3mapSt6vectorNSt7__cxx1112basic_stringIcSt11char_traitsIcESaIcEEEblmdSaNS0_14adl_serializerES5_IhSaIhEEvEEE11remove_signEl
FNL:63,19434,19443
FNA:63,2,_ZN8nlohmann16json_abi_v3_11_310basic_jsonISt3mapSt6vectorNSt7__cxx1112basic_stringIcSt11char_traitsIcESaIcEEEblmdSaNS0_14adl_serializerES3_IhSaIhEEvE6parserINS0_6detail22iterator_input_adapterIN9__gnu_cxx17__normal_iteratorIPKcS9_EEEEEENSF_6parserISD_T_EESO_St8functionIFbiNSF_13parse_event_tERSD_EEbb
FNL:64,19680,19693
FNA:64,0,_ZN8nlohmann16json_abi_v3_11_310basic_jsonISt3mapSt6vectorNSt7__cxx1112basic_stringIcSt11char_traitsIcESaIcEEEblmdSaNS0_14adl_serializerES3_IhSaIhEEvE6createINS0_27byte_container_with_subtypeISC_EEJEEEPT_DpOT0_
FNA:64,0,_ZN8nlohmann16json_abi_v3_11_310basic_jsonISt3mapSt6vectorNSt7__cxx1112basic_stringIcSt11char_traitsIcESaIcEEEblmdSaNS0_14adl_serializerES3_IhSaIhEEvE6createINS0_27byte_container_with_subtypeISC_EEJRKSG_EEEPT_DpOT0_
FNA:64,19,_ZN8nlohmann16json_abi_v3_11_310basic_jsonISt3mapSt6vectorNSt7__cxx1112basic_stringIcSt11char_traitsIcESaIcEEEblmdSaNS0_14adl_serializerES3_IhSaIhEEvE6createIS2_IS9_SD_St4lessIvESaISt4pairIKS9_SD_EEEJEEEPT_DpOT0_
FNA:64,9,_ZN8nlohmann16json_abi_v3_11_310basic_jsonISt3mapSt6vectorNSt7__cxx1112basic_stringIcSt11char_traitsIcESaIcEEEblmdSaNS0_14adl_serializerES3_IhSaIhEEvE6createIS2_IS9_SD_St4lessIvESaISt4pairIKS9_SD_EEEJRKSL_EEEPT_DpOT0_
FNA:64,2,_ZN8nlohmann16json_abi_v3_11_310basic_jsonISt3mapSt6vectorNSt7__cxx1112basic_stringIcSt11char_traitsIcESaIcEEEblmdSaNS0_14adl_serializerES3_IhSaIhEEvE6createIS3_ISD_SaISD_EEJEEEPT_DpOT0_
FNA:64,2,_ZN8nlohmann16json_abi_v3_11_310basic_jsonISt3mapSt6vectorNSt7__cxx1112basic_stringIcSt11char_traitsIcESaIcEEEblmdSaNS0_14adl_serializerES3_IhSaIhEEvE6createIS3_ISD_SaISD_EEJN9__gnu_cxx17__normal_iteratorIPKS9_S3_IS9_SaIS9_EEEESN_EEEPT_DpOT0_
FNA:64,42,_ZN8nlohmann16json_abi_v3_11_310basic_jsonISt3mapSt6vectorNSt7__cxx1112basic_stringIcSt11char_traitsIcESaIcEEEblmdSaNS0_14adl_serializerES3_IhSaIhEEvE6createIS3_ISD_SaISD_EEJPKNS0_6detail8json_refISD_EESL_EEEPT_DpOT0_
FNA:64,74,_ZN8nlohmann16json_abi_v3_11_310basic_jsonISt3mapSt6vectorNSt7__cxx1112basic_stringIcSt11char_traitsIcESaIcEEEblmdSaNS0_14adl_serializerES3_IhSaIhEEvE6createIS3_ISD_SaISD_EEJRKSG_EEEPT_DpOT0_
FNA:64,0,_ZN8nlohmann16json_abi_v3_11_310basic_jsonISt3mapSt6vectorNSt7__cxx1112basic_stringIcSt11char_traitsIcESaIcEEEblmdSaNS0_14adl_serializerES3_IhSaIhEEvE6createIS9_JRA1_KcEEEPT_DpOT0_
FNA:64,55,_ZN8nlohmann16json_abi_v3_11_310basic_jsonISt3mapSt6vectorNSt7__cxx1112basic_stringIcSt11char_traitsIcESaIcEEEblmdSaNS0_14adl_serializerES3_IhSaIhEEvE6createIS9_JRKS9_EEEPT_DpOT0_
FNL:65,19685,19685
FNA:65,0,_ZZN8nlohmann16json_abi_v3_11_310basic_jsonISt3mapSt6vectorNSt7__cxx1112basic_stringIcSt11char_traitsIcESaIcEEEblmdSaNS0_14adl_serializerES3_IhSaIhEEvE6createINS0_27byte_container_with_subtypeISC_EEJEEEPT_DpOT0_ENKUlPSG_E_clESM_
FNA:65,0,_ZZN8nlohmann16json_abi_v3_11_310basic_jsonISt3mapSt6vectorNSt7__cxx1112basic_stringIcSt11char_traitsIcESaIcEEEblmdSaNS0_14adl_serializerES3_IhSaIhEEvE6createINS0_27byte_container_with_subtypeISC_EEJRKSG_EEEPT_DpOT0_ENKUlPSG_E_clESO_
FNA:65,0,_ZZN8nlohmann16json_abi_v3_11_310basic_jsonISt3mapSt6vectorNSt7__cxx1112basic_stringIcSt11char_traitsIcESaIcEEEblmdSaNS0_14adl_serializerES3_IhSaIhEEvE6createIS2_IS9_SD_St4lessIvESaISt4pairIKS9_SD_EEEJEEEPT_DpOT0_ENKUlPSL_E_clESR_
FNA:65,0,_ZZN8nlohmann16json_abi_v3_11_310basic_jsonISt3mapSt6vectorNSt7__cxx1112basic_stringIcSt11char_traitsIcESaIcEEEblmdSaNS0_14adl_serializerES3_IhSaIhEEvE6createIS2_IS9_SD_St4lessIvESaISt4pairIKS9_SD_EEEJRKSL_EEEPT_DpOT0_ENKUlPSL_E_clEST_
FNA:65,0,_ZZN8nlohmann16json_abi_v3_11_310basic_jsonISt3mapSt6vectorNSt7__cxx1112basic_stringIcSt11char_traitsIcESaIcEEEblmdSaNS0_14adl_serializerES3_IhSaIhEEvE6createIS3_ISD_SaISD_EEJEEEPT_DpOT0_ENKUlPSG_E_clESM_
FNA:65,0,_ZZN8nlohmann16json_abi_v3_11_310basic_jsonISt3mapSt6vectorNSt7__cxx1112basic_stringIcSt11char_traitsIcESaIcEEEblmdSaNS0_14adl_serializerES3_IhSaIhEEvE6createIS3_ISD_SaISD_EEJN9__gnu_cxx17__normal_iteratorIPKS9_S3_IS9_SaIS9_EEEESN_EEEPT_DpOT0_ENKUlPSG_E_clEST_
FNA:65,0,_ZZN8nlohmann16json_abi_v3_11_310basic_jsonISt3mapSt6vectorNSt7__cxx1112basic_stringIcSt11char_traitsIcESaIcEEEblmdSaNS0_14adl_serializerES3_IhSaIhEEvE6createIS3_ISD_SaISD_EEJPKNS0_6detail8json_refISD_EESL_EEEPT_DpOT0_ENKUlPSG_E_clESR_
FNA:65,0,_ZZN8nlohmann16json_abi_v3_11_310basic_jsonISt3mapSt6vectorNSt7__cxx1112basic_stringIcSt11char_traitsIcESaIcEEEblmdSaNS0_14adl_serializerES3_IhSaIhEEvE6createIS3_ISD_SaISD_EEJRKSG_EEEPT_DpOT0_ENKUlPSG_E_clESO_
FNA:65,0,_ZZN8nlohmann16json_abi_v3_11_310basic_jsonISt3mapSt6vectorNSt7__cxx1112basic_stringIcSt11char_traitsIcESaIcEEEblmdSaNS0_14adl_serializerES3_IhSaIhEEvE6createIS9_JRA1_KcEEEPT_DpOT0_ENKUlPS9_E_clESN_
FNA:65,0,_ZZN8nlohmann16json_abi_v3_11_310basic_jsonISt3mapSt6vectorNSt7__cxx1112basic_stringIcSt11char_traitsIcESaIcEEEblmdSaNS0_14adl_serializerES3_IhSaIhEEvE6createIS9_JRKS9_EEEPT_DpOT0_ENKUlPS9_E_clESM_
FNL:66,19747,19747
FNA:66,2,_ZN8nlohmann16json_abi_v3_11_310basic_jsonISt3mapSt6vectorNSt7__cxx1112basic_stringIcSt11char_traitsIcESaIcEEEblmdSaNS0_14adl_serializerES3_IhSaIhEEvE10json_valueC2Eb
FNL:67,19749,19749
FNA:67,14,_ZN8nlohmann16json_abi_v3_11_310basic_jsonISt3mapSt6vectorNSt7__cxx1112basic_stringIcSt11char_traitsIcESaIcEEEblmdSaNS0_14adl_serializerES3_IhSaIhEEvE10json_valueC2El
FNL:68,19751,19751
FNA:68,2,_ZN8nlohmann16json_abi_v3_11_310basic_jsonISt3mapSt6vectorNSt7__cxx1112basic_stringIcSt11char_traitsIcESaIcEEEblmdSaNS0_14adl_serializerES3_IhSaIhEEvE10json_valueC2Em
FNL:69,19753,19753
FNA:69,0,_ZN8nlohmann16json_abi_v3_11_310basic_jsonISt3mapSt6vectorNSt7__cxx1112basic_stringIcSt11char_traitsIcESaIcEEEblmdSaNS0_14adl_serializerES3_IhSaIhEEvE10json_valueC2Ed
FNL:70,19755,19824
FNA:70,63,_ZN8nlohmann16json_abi_v3_11_310basic_jsonISt3mapSt6vectorNSt7__cxx1112basic_stringIcSt11char_traitsIcESaIcEEEblmdSaNS0_14adl_serializerES3_IhSaIhEEvE10json_valueC2ENS0_6detail7value_tE
FNL:71,19827,19827
FNA:71,55,_ZN8nlohmann16json_abi_v3_11_310basic_jsonISt3mapSt6vectorNSt7__cxx1112basic_stringIcSt11char_traitsIcESaIcEEEblmdSaNS0_14adl_serializerES3_IhSaIhEEvE10json_valueC2ERKS9_
FNL:72,19833,19833
FNA:72,9,_ZN8nlohmann16json_abi_v3_11_310basic_jsonISt3mapSt6vectorNSt7__cxx1112basic_stringIcSt11char_traitsIcESaIcEEEblmdSaNS0_14adl_serializerES3_IhSaIhEEvE10json_valueC2ERKS2_IS9_SD_St4lessIvESaISt4pairIKS9_SD_EEE
FNL:73,19839,19839
FNA:73,74,_ZN8nlohmann16json_abi_v3_11_310basic_jsonISt3mapSt6vectorNSt7__cxx1112basic_stringIcSt11char_traitsIcESaIcEEEblmdSaNS0_14adl_serializerES3_IhSaIhEEvE10json_valueC2ERKS3_ISD_SaISD_EE
FNL:74,19851,19851
FNA:74,0,_ZN8nlohmann16json_abi_v3_11_310basic_jsonISt3mapSt6vectorNSt7__cxx1112basic_stringIcSt11char_traitsIcESaIcEEEblmdSaNS0_14adl_serializerES3_IhSaIhEEvE10json_valueC2ERKNS0_27byte_container_with_subtypeISC_EE
FNL:75,19856,19962
FNA:75,742,_ZN8nlohmann16json_abi_v3_11_310basic_jsonISt3mapSt6vectorNSt7__cxx1112basic_stringIcSt11char_traitsIcESaIcEEEblmdSaNS0_14adl_serializerES3_IhSaIhEEvE10json_value7destroyENS0_6detail7value_tE
FNL:76,19984,20003
FNA:76,2148,_ZNK8nlohmann16json_abi_v3_11_310basic_jsonISt3mapSt6vectorNSt7__cxx1112basic_stringIcSt11char_traitsIcESaIcEEEblmdSaNS0_14adl_serializerES3_IhSaIhEEvE16assert_invariantEb
FNL:77,20005,20040
FNA:77,682,_ZN8nlohmann16json_abi_v3_11_310basic_jsonISt3mapSt6vectorNSt7__cxx1112basic_stringIcSt11char_traitsIcESaIcEEEblmdSaNS0_14adl_serializerES3_IhSaIhEEvE11set_parentsEv
FNL:78,20055,20091
FNA:78,129,_ZN8nlohmann16json_abi_v3_11_310basic_jsonISt3mapSt6vectorNSt7__cxx1112basic_stringIcSt11char_traitsIcESaIcEEEblmdSaNS0_14adl_serializerES3_IhSaIhEEvE10set_parentERSD_m
FNL:79,20117,20121
FNA:79,63,_ZN8nlohmann16json_abi_v3_11_310basic_jsonISt3mapSt6vectorNSt7__cxx1112basic_stringIcSt11char_traitsIcESaIcEEEblmdSaNS0_14adl_serializerES3_IhSaIhEEvEC2ENS0_6detail7value_tE
FNL:80,20125,20129
FNA:80,59,_ZN8nlohmann16json_abi_v3_11_310basic_jsonISt3mapSt6vectorNSt7__cxx1112basic_stringIcSt11char_traitsIcESaIcEEEblmdSaNS0_14adl_serializerES3_IhSaIhEEvEC2EDn
FNL:81,20137,20144
FNA:81,2,_ZN8nlohmann16json_abi_v3_11_310basic_jsonISt3mapSt6vectorNSt7__cxx1112basic_stringIcSt11char_traitsIcESaIcEEEblmdSaNS0_14adl_serializerES3_IhSaIhEEvEC2IRKS3_IS9_SaIS9_EESG_Li0EEEOT_
FNA:81,8,_ZN8nlohmann16json_abi_v3_11_310basic_jsonISt3mapSt6vectorNSt7__cxx1112basic_stringIcSt11char_traitsIcESaIcEEEblmdSaNS0_14adl_serializerES3_IhSaIhEEvEC2IRKS9_S9_Li0EEEOT_
FNA:81,14,_ZN8nlohmann16json_abi_v3_11_310basic_jsonISt3mapSt6vectorNSt7__cxx1112basic_stringIcSt11char_traitsIcESaIcEEEblmdSaNS0_14adl_serializerES3_IhSaIhEEvEC2IRKiiLi0EEEOT_
FNA:81,17,_ZN8nlohmann16json_abi_v3_11_310basic_jsonISt3mapSt6vectorNSt7__cxx1112basic_stringIcSt11char_traitsIcESaIcEEEblmdSaNS0_14adl_serializerES3_IhSaIhEEvEC2IRS9_S9_Li0EEEOT_
FNA:81,0,_ZN8nlohmann16json_abi_v3_11_310basic_jsonISt3mapSt6vectorNSt7__cxx1112basic_stringIcSt11char_traitsIcESaIcEEEblmdSaNS0_14adl_serializerES3_IhSaIhEEvEC2IRbbLi0EEEOT_
FNA:81,0,_ZN8nlohmann16json_abi_v3_11_310basic_jsonISt3mapSt6vectorNSt7__cxx1112basic_stringIcSt11char_traitsIcESaIcEEEblmdSaNS0_14adl_serializerES3_IhSaIhEEvEC2IRddLi0EEEOT_
FNA:81,0,_ZN8nlohmann16json_abi_v3_11_310basic_jsonISt3mapSt6vectorNSt7__cxx1112basic_stringIcSt11char_traitsIcESaIcEEEblmdSaNS0_14adl_serializerES3_IhSaIhEEvEC2IRllLi0EEEOT_
FNA:81,2,_ZN8nlohmann16json_abi_v3_11_310basic_jsonISt3mapSt6vectorNSt7__cxx1112basic_stringIcSt11char_traitsIcESaIcEEEblmdSaNS0_14adl_serializerES3_IhSaIhEEvEC2IRmmLi0EEEOT_
FNA:81,2,_ZN8nlohmann16json_abi_v3_11_310basic_jsonISt3mapSt6vectorNSt7__cxx1112basic_stringIcSt11char_traitsIcESaIcEEEblmdSaNS0_14adl_serializerES3_IhSaIhEEvEC2IbbLi0EEEOT_
FNL:82,20204,20258
FNA:82,42,_ZN8nlohmann16json_abi_v3_11_310basic_jsonISt3mapSt6vectorNSt7__cxx1112basic_stringIcSt11char_traitsIcESaIcEEEblmdSaNS0_14adl_serializerES3_IhSaIhEEvEC2ESt16initializer_listINS0_6detail8json_refISD_EEEbNSF_7value_tE
FNL:83,20211,20211
FNA:83,0,_ZZN8nlohmann16json_abi_v3_11_310basic_jsonISt3mapSt6vectorNSt7__cxx1112basic_stringIcSt11char_traitsIcESaIcEEEblmdSaNS0_14adl_serializerES3_IhSaIhEEvEC4ESt16initializer_listINS0_6detail8json_refISD_EEEbNSF_7value_tEENKUlRKSH_E_clESL_
FNL:84,20307,20310
FNA:84,42,_ZN8nlohmann16json_abi_v3_11_310basic_jsonISt3mapSt6vectorNSt7__cxx1112basic_stringIcSt11char_traitsIcESaIcEEEblmdSaNS0_14adl_serializerES3_IhSaIhEEvE5arrayESt16initializer_listINS0_6detail8json_refISD_EEE
FNL:85,20443,20443
FNA:85,0,_ZN8nlohmann16json_abi_v3_11_310basic_jsonISt3mapSt6vectorNSt7__cxx1112basic_stringIcSt11char_traitsIcESaIcEEEblmdSaNS0_14adl_serializerES3_IhSaIhEEvEC2INS0_6detail8json_refISD_EELi0EEERKT_
FNL:86,20447,20512
FNA:86,113,_ZN8nlohmann16json_abi_v3_11_310basic_jsonISt3mapSt6vectorNSt7__cxx1112basic_stringIcSt11char_traitsIcESaIcEEEblmdSaNS0_14adl_serializerES3_IhSaIhEEvEC2ERKSD_
FNL:87,20516,20529
FNA:87,434,_ZN8nlohmann16json_abi_v3_11_310basic_jsonISt3mapSt6vectorNSt7__cxx1112basic_stringIcSt11char_traitsIcESaIcEEEblmdSaNS0_14adl_serializerES3_IhSaIhEEvEC2EOSD_
FNL:88,20533,20552
FNA:88,42,_ZN8nlohmann16json_abi_v3_11_310basic_jsonISt3mapSt6vectorNSt7__cxx1112basic_stringIcSt11char_traitsIcESaIcEEEblmdSaNS0_14adl_serializerES3_IhSaIhEEvEaSESD_
FNL:89,20556,20559
FNA:89,697,_ZN8nlohmann16json_abi_v3_11_310basic_jsonISt3mapSt6vectorNSt7__cxx1112basic_stringIcSt11char_traitsIcESaIcEEEblmdSaNS0_14adl_serializerES3_IhSaIhEEvED2Ev
FNL:90,20574,20592
FNA:90,2,_ZNK8nlohmann16json_abi_v3_11_310basic_jsonISt3mapSt6vectorNSt7__cxx1112basic_stringIcSt11char_traitsIcESaIcEEEblmdSaNS0_14adl_serializerES3_IhSaIhEEvE4dumpEicbNS0_6detail15error_handler_tE
FNL:91,20610,20613
FNA:91,0,_ZNK8nlohmann16json_abi_v3_11_310basic_jsonISt3mapSt6vectorNSt7__cxx1112basic_stringIcSt11char_traitsIcESaIcEEEblmdSaNS0_14adl_serializerES3_IhSaIhEEvE13is_structuredEv
FNL:92,20617,20620
FNA:92,208,_ZNK8nlohmann16json_abi_v3_11_310basic_jsonISt3mapSt6vectorNSt7__cxx1112basic_stringIcSt11char_traitsIcESaIcEEEblmdSaNS0_14adl_serializerES3_IhSaIhEEvE7is_nullEv
FNL:93,20624,20627
FNA:93,0,_ZNK8nlohmann16json_abi_v3_11_310basic_jsonISt3mapSt6vectorNSt7__cxx1112basic_stringIcSt11char_traitsIcESaIcEEEblmdSaNS0_14adl_serializerES3_IhSaIhEEvE10is_booleanEv
FNL:94,20638,20641
FNA:94,6,_ZNK8nlohmann16json_abi_v3_11_310basic_jsonISt3mapSt6vectorNSt7__cxx1112basic_stringIcSt11char_traitsIcESaIcEEEblmdSaNS0_14adl_serializerES3_IhSaIhEEvE17is_number_integerEv
FNL:95,20645,20648
FNA:95,0,_ZNK8nlohmann16json_abi_v3_11_310basic_jsonISt3mapSt6vectorNSt7__cxx1112basic_stringIcSt11char_traitsIcESaIcEEEblmdSaNS0_14adl_serializerES3_IhSaIhEEvE18is_number_unsignedEv
FNL:96,20652,20655
FNA:96,0,_ZNK8nlohmann16json_abi_v3_11_310basic_jsonISt3mapSt6vectorNSt7__cxx1112basic_stringIcSt11char_traitsIcESaIcEEEblmdSaNS0_14adl_serializerES3_IhSaIhEEvE15is_number_floatEv
FNL:97,20659,20662
FNA:97,202,_ZNK8nlohmann16json_abi_v3_11_310basic_jsonISt3mapSt6vectorNSt7__cxx1112basic_stringIcSt11char_traitsIcESaIcEEEblmdSaNS0_14adl_serializerES3_IhSaIhEEvE9is_objectEv
FNL:98,20666,20669
FNA:98,257,_ZNK8nlohmann16json_abi_v3_11_310basic_jsonISt3mapSt6vectorNSt7__cxx1112basic_stringIcSt11char_traitsIcESaIcEEEblmdSaNS0_14adl_serializerES3_IhSaIhEEvE8is_arrayEv
FNL:99,20673,20676
FNA:99,44,_ZNK8nlohmann16json_abi_v3_11_310basic_jsonISt3mapSt6vectorNSt7__cxx1112basic_stringIcSt11char_traitsIcESaIcEEEblmdSaNS0_14adl_serializerES3_IhSaIhEEvE9is_stringEv
FNL:100,20680,20683
FNA:100,0,_ZNK8nlohmann16json_abi_v3_11_310basic_jsonISt3mapSt6vectorNSt7__cxx1112basic_stringIcSt11char_traitsIcESaIcEEEblmdSaNS0_14adl_serializerES3_IhSaIhEEvE9is_binaryEv
FNL:101,20687,20690
FNA:101,0,_ZNK8nlohmann16json_abi_v3_11_310basic_jsonISt3mapSt6vectorNSt7__cxx1112basic_stringIcSt11char_traitsIcESaIcEEEblmdSaNS0_14adl_serializerES3_IhSaIhEEvE12is_discardedEv
FNL:102,20694,20697
FNA:102,6,_ZNK8nlohmann16json_abi_v3_11_310basic_jsonISt3mapSt6vectorNSt7__cxx1112basic_stringIcSt11char_traitsIcESaIcEEEblmdSaNS0_14adl_serializerES3_IhSaIhEEvEcvNS0_6detail7value_tEEv
FNL:103,20748,20751
FNA:103,22,_ZNK8nlohmann16json_abi_v3_11_310basic_jsonISt3mapSt6vectorNSt7__cxx1112basic_stringIcSt11char_traitsIcESaIcEEEblmdSaNS0_14adl_serializerES3_IhSaIhEEvE12get_impl_ptrEPKS9_
FNL:104,20760,20763
FNA:104,0,_ZNK8nlohmann16json_abi_v3_11_310basic_jsonISt3mapSt6vectorNSt7__cxx1112basic_stringIcSt11char_traitsIcESaIcEEEblmdSaNS0_14adl_serializerES3_IhSaIhEEvE12get_impl_ptrEPKb
FNL:105,20772,20775
FNA:105,6,_ZNK8nlohmann16json_abi_v3_11_310basic_jsonISt3mapSt6vectorNSt7__cxx1112basic_stringIcSt11char_traitsIcESaIcEEEblmdSaNS0_14adl_serializerES3_IhSaIhEEvE12get_impl_ptrEPKl
FNL:106,20784,20787
FNA:106,0,_ZNK8nlohmann16json_abi_v3_11_310basic_jsonISt3mapSt6vectorNSt7__cxx1112basic_stringIcSt11char_traitsIcESaIcEEEblmdSaNS0_14adl_serializerES3_IhSaIhEEvE12get_impl_ptrEPKm
FNL:107,20796,20799
FNA:107,0,_ZNK8nlohmann16json_abi_v3_11_310basic_jsonISt3mapSt6vectorNSt7__cxx1112basic_stringIcSt11char_traitsIcESaIcEEEblmdSaNS0_14adl_serializerES3_IhSaIhEEvE12get_impl_ptrEPKd
FNL:108,20858,20862
FNA:108,22,_ZNK8nlohmann16json_abi_v3_11_310basic_jsonISt3mapSt6vectorNSt7__cxx1112basic_stringIcSt11char_traitsIcESaIcEEEblmdSaNS0_14adl_serializerES3_IhSaIhEEvE7get_ptrIPKS9_Li0EEEDTcldtclL_ZSt7declvalIRKSD_EDTcl9__declvalIT_ELi0EEEvEE12get_impl_ptrcl7declvalISK_EEEEv
FNA:108,0,_ZNK8nlohmann16json_abi_v3_11_310basic_jsonISt3mapSt6vectorNSt7__cxx1112basic_stringIcSt11char_traitsIcESaIcEEEblmdSaNS0_14adl_serializerES3_IhSaIhEEvE7get_ptrIPKbLi0EEEDTcldtclL_ZSt7declvalIRKSD_EDTcl9__declvalIT_ELi0EEEvEE12get_impl_ptrcl7declvalISK_EEEEv
FNA:108,0,_ZNK8nlohmann16json_abi_v3_11_310basic_jsonISt3mapSt6vectorNSt7__cxx1112basic_stringIcSt11char_traitsIcESaIcEEEblmdSaNS0_14adl_serializerES3_IhSaIhEEvE7get_ptrIPKdLi0EEEDTcldtclL_ZSt7declvalIRKSD_EDTcl9__declvalIT_ELi0EEEvEE12get_impl_ptrcl7declvalISK_EEEEv
FNA:108,6,_ZNK8nlohmann16json_abi_v3_11_310basic_jsonISt3mapSt6vectorNSt7__cxx1112basic_stringIcSt11char_traitsIcESaIcEEEblmdSaNS0_14adl_serializerES3_IhSaIhEEvE7get_ptrIPKlLi0EEEDTcldtclL_ZSt7declvalIRKSD_EDTcl9__declvalIT_ELi0EEEvEE12get_impl_ptrcl7declvalISK_EEEEv
FNA:108,0,_ZNK8nlohmann16json_abi_v3_11_310basic_jsonISt3mapSt6vectorNSt7__cxx1112basic_stringIcSt11char_traitsIcESaIcEEEblmdSaNS0_14adl_serializerES3_IhSaIhEEvE7get_ptrIPKmLi0EEEDTcldtclL_ZSt7declvalIRKSD_EDTcl9__declvalIT_ELi0EEEvEE12get_impl_ptrcl7declvalISK_EEEEv
FNL:109,20908,20914
FNA:109,2,_ZNK8nlohmann16json_abi_v3_11_310basic_jsonISt3mapSt6vectorNSt7__cxx1112basic_stringIcSt11char_traitsIcESaIcEEEblmdSaNS0_14adl_serializerES3_IhSaIhEEvE8get_implIS3_IS9_SaIS9_EELi0EEET_NS0_6detail12priority_tagILj0EEE
FNA:109,22,_ZNK8nlohmann16json_abi_v3_11_310basic_jsonISt3mapSt6vectorNSt7__cxx1112basic_stringIcSt11char_traitsIcESaIcEEEblmdSaNS0_14adl_serializerES3_IhSaIhEEvE8get_implIS9_Li0EEET_NS0_6detail12priority_tagILj0EEE
FNA:109,6,_ZNK8nlohmann16json_abi_v3_11_310basic_jsonISt3mapSt6vectorNSt7__cxx1112basic_stringIcSt11char_traitsIcESaIcEEEblmdSaNS0_14adl_serializerES3_IhSaIhEEvE8get_implIiLi0EEET_NS0_6detail12priority_tagILj0EEE
FNL:110,21046,21056
FNA:110,2,_ZNK8nlohmann16json_abi_v3_11_310basic_jsonISt3mapSt6vectorNSt7__cxx1112basic_stringIcSt11char_traitsIcESaIcEEEblmdSaNS0_14adl_serializerES3_IhSaIhEEvE3getIS3_IS9_SaIS9_EESG_EEDTcldtclL_ZSt7declvalIRKSD_EDTcl9__declvalIT_ELi0EEEvEE8get_implIT0_EtlNS0_6detail12priority_tagILj4EEEEEEv
FNA:110,22,_ZNK8nlohmann16json_abi_v3_11_310basic_jsonISt3mapSt6vectorNSt7__cxx1112basic_stringIcSt11char_traitsIcESaIcEEEblmdSaNS0_14adl_serializerES3_IhSaIhEEvE3getIS9_S9_EEDTcldtclL_ZSt7declvalIRKSD_EDTcl9__declvalIT_ELi0EEEvEE8get_implIT0_EtlNS0_6detail12priority_tagILj4EEEEEEv
FNA:110,6,_ZNK8nlohmann16json_abi_v3_11_310basic_jsonISt3mapSt6vectorNSt7__cxx1112basic_stringIcSt11char_traitsIcESaIcEEEblmdSaNS0_14adl_serializerES3_IhSaIhEEvE3getIiiEEDTcldtclL_ZSt7declvalIRKSD_EDTcl9__declvalIT_ELi0EEEvEE8get_implIT0_EtlNS0_6detail12priority_tagILj4EEEEEEv
FNL:111,21198,21202
FNA:111,8,_ZNK8nlohmann16json_abi_v3_11_310basic_jsonISt3mapSt6vectorNSt7__cxx1112basic_stringIcSt11char_traitsIcESaIcEEEblmdSaNS0_14adl_serializerES3_IhSaIhEEvEcvT_IS9_Li0EEEv
FNA:111,6,_ZNK8nlohmann16json_abi_v3_11_310basic_jsonISt3mapSt6vectorNSt7__cxx1112basic_stringIcSt11char_traitsIcESaIcEEEblmdSaNS0_14adl_serializerES3_IhSaIhEEvEcvT_IiLi0EEEv
FNL:112,21362,21404
FNA:112,32,_ZN8nlohmann16json_abi_v3_11_310basic_jsonISt3mapSt6vectorNSt7__cxx1112basic_stringIcSt11char_traitsIcESaIcEEEblmdSaNS0_14adl_serializerES3_IhSaIhEEvEixEm
FNL:113,21408,21417
FNA:113,0,_ZNK8nlohmann16json_abi_v3_11_310basic_jsonISt3mapSt6vectorNSt7__cxx1112basic_stringIcSt11char_traitsIcESaIcEEEblmdSaNS0_14adl_serializerES3_IhSaIhEEvEixEm
FNL:114,21421,21439
FNA:114,82,_ZN8nlohmann16json_abi_v3_11_310basic_jsonISt3mapSt6vectorNSt7__cxx1112basic_stringIcSt11char_traitsIcESaIcEEEblmdSaNS0_14adl_serializerES3_IhSaIhEEvEixES9_
FNL:115,21443,21454
FNA:115,24,_ZNK8nlohmann16json_abi_v3_11_310basic_jsonISt3mapSt6vectorNSt7__cxx1112basic_stringIcSt11char_traitsIcESaIcEEEblmdSaNS0_14adl_serializerES3_IhSaIhEEvEixERKS9_
FNL:116,21459,21462
FNA:116,82,_ZN8nlohmann16json_abi_v3_11_310basic_jsonISt3mapSt6vectorNSt7__cxx1112basic_stringIcSt11char_traitsIcESaIcEEEblmdSaNS0_14adl_serializerES3_IhSaIhEEvEixIKcEERSD_PT_
FNL:117,21465,21468
FNA:117,24,_ZNK8nlohmann16json_abi_v3_11_310basic_jsonISt3mapSt6vectorNSt7__cxx1112basic_stringIcSt11char_traitsIcESaIcEEEblmdSaNS0_14adl_serializerES3_IhSaIhEEvEixIKcEERKSD_PT_
FNL:118,21731,21794
FNA:118,0,_ZN8nlohmann16json_abi_v3_11_310basic_jsonISt3mapSt6vectorNSt7__cxx1112basic_stringIcSt11char_traitsIcESaIcEEEblmdSaNS0_14adl_serializerES3_IhSaIhEEvE5eraseINS0_6detail9iter_implISD_EELi0EEET_SI_
FNL:119,22070,22075
FNA:119,46,_ZN8nlohmann16json_abi_v3_11_310basic_jsonISt3mapSt6vectorNSt7__cxx1112basic_stringIcSt11char_traitsIcESaIcEEEblmdSaNS0_14adl_serializerES3_IhSaIhEEvE5beginEv
FNL:120,22079,22082
FNA:120,2,_ZNK8nlohmann16json_abi_v3_11_310basic_jsonISt3mapSt6vectorNSt7__cxx1112basic_stringIcSt11char_traitsIcESaIcEEEblmdSaNS0_14adl_serializerES3_IhSaIhEEvE5beginEv
FNL:121,22086,22091
FNA:121,2,_ZNK8nlohmann16json_abi_v3_11_310basic_jsonISt3mapSt6vectorNSt7__cxx1112basic_stringIcSt11char_traitsIcESaIcEEEblmdSaNS0_14adl_serializerES3_IhSaIhEEvE6cbeginEv
FNL:122,22095,22100
FNA:122,40,_ZN8nlohmann16json_abi_v3_11_310basic_jsonISt3mapSt6vectorNSt7__cxx1112basic_stringIcSt11char_traitsIcESaIcEEEblmdSaNS0_14adl_serializerES3_IhSaIhEEvE3endEv
FNL:123,22104,22107
FNA:123,2,_ZNK8nlohmann16json_abi_v3_11_310basic_jsonISt3mapSt6vectorNSt7__cxx1112basic_stringIcSt11char_traitsIcESaIcEEEblmdSaNS0_14adl_serializerES3_IhSaIhEEvE3endEv
FNL:124,22111,22116
FNA:124,2,_ZNK8nlohmann16json_abi_v3_11_310basic_jsonISt3mapSt6vectorNSt7__cxx1112basic_stringIcSt11char_traitsIcESaIcEEEblmdSaNS0_14adl_serializerES3_IhSaIhEEvE4cendEv
FNL:125,22120,22123
FNA:125,4,_ZN8nlohmann16json_abi_v3_11_310basic_jsonISt3mapSt6vectorNSt7__cxx1112basic_stringIcSt11char_traitsIcESaIcEEEblmdSaNS0_14adl_serializerES3_IhSaIhEEvE6rbeginEv
FNL:126,22134,22137
FNA:126,10,_ZN8nlohmann16json_abi_v3_11_310basic_jsonISt3mapSt6vectorNSt7__cxx1112basic_stringIcSt11char_traitsIcESaIcEEEblmdSaNS0_14adl_serializerES3_IhSaIhEEvE4rendEv
FNL:127,22247,22282
FNA:127,36,_ZNK8nlohmann16json_abi_v3_11_310basic_jsonISt3mapSt6vectorNSt7__cxx1112basic_stringIcSt11char_traitsIcESaIcEEEblmdSaNS0_14adl_serializerES3_IhSaIhEEvE4sizeEv
FNL:128,22286,22316
FNA:128,0,_ZNK8nlohmann16json_abi_v3_11_310basic_jsonISt3mapSt6vectorNSt7__cxx1112basic_stringIcSt11char_traitsIcESaIcEEEblmdSaNS0_14adl_serializerES3_IhSaIhEEvE8max_sizeEv
FNL:129,22390,22411
FNA:129,12,_ZN8nlohmann16json_abi_v3_11_310basic_jsonISt3mapSt6vectorNSt7__cxx1112basic_stringIcSt11char_traitsIcESaIcEEEblmdSaNS0_14adl_serializerES3_IhSaIhEEvE9push_backEOSD_
FNL:130,22423,22443
FNA:130,35,_ZN8nlohmann16json_abi_v3_11_310basic_jsonISt3mapSt6vectorNSt7__cxx1112basic_stringIcSt11char_traitsIcESaIcEEEblmdSaNS0_14adl_serializerES3_IhSaIhEEvE9push_backERKSD_
FNL:131,23317,23325
FNA:131,2,_ZN8nlohmann16json_abi_v3_11_310basic_jsonISt3mapSt6vectorNSt7__cxx1112basic_stringIcSt11char_traitsIcESaIcEEEblmdSaNS0_14adl_serializerES3_IhSaIhEEvE5parseIRKS9_EESD_OT_St8functionIFbiNS0_6detail13parse_event_tERSD_EEbb
FNL:132,23460,23484
FNA:132,0,_ZNK8nlohmann16json_abi_v3_11_310basic_jsonISt3mapSt6vectorNSt7__cxx1112basic_stringIcSt11char_traitsIcESaIcEEEblmdSaNS0_14adl_serializerES3_IhSaIhEEvE9type_nameEv
FNL:133,23499,23502
FNA:133,63,_ZN8nlohmann16json_abi_v3_11_310basic_jsonISt3mapSt6vectorNSt7__cxx1112basic_stringIcSt11char_traitsIcESaIcEEEblmdSaNS0_14adl_serializerES3_IhSaIhEEvE4dataC2ENS0_6detail7value_tE
FNL:134,23510,23510
FNA:134,200,_ZN8nlohmann16json_abi_v3_11_310basic_jsonISt3mapSt6vectorNSt7__cxx1112basic_stringIcSt11char_traitsIcESaIcEEEblmdSaNS0_14adl_serializerES3_IhSaIhEEvE4dataC2Ev
FNL:135,23516,23519
FNA:135,697,_ZN8nlohmann16json_abi_v3_11_310basic_jsonISt3mapSt6vectorNSt7__cxx1112basic_stringIcSt11char_traitsIcESaIcEEEblmdSaNS0_14adl_serializerES3_IhSaIhEEvE4dataD2Ev
FNL:136,2971,2980
FNA:136,0,_ZN8nlohmann16json_abi_v3_11_36detail17replace_substringINSt7__cxx1112basic_stringIcSt11char_traitsIcESaIcEEEEEvRT_RKS9_SC_
FNL:137,3005,3009
FNA:137,0,_ZN8nlohmann16json_abi_v3_11_36detailL8unescapeINSt7__cxx1112basic_stringIcSt11char_traitsIcESaIcEEEEEvRT_
FNL:138,3045,3048
FNA:138,0,_ZNK8nlohmann16json_abi_v3_11_36detail10position_tcvmEv
FNL:139,4234,4237
FNA:139,0,_ZN8nlohmann16json_abi_v3_11_36detail13concat_lengthEv
FNL:140,4246,4249
FNA:140,0,_ZN8nlohmann16json_abi_v3_11_36detail13concat_lengthIJEEEmcDpRKT_
FNA:140,0,_ZN8nlohmann16json_abi_v3_11_36detail13concat_lengthIJNSt7__cxx1112basic_stringIcSt11char_traitsIcESaIcEEEA3_cEEEmcDpRKT_
FNL:141,4252,4256
FNA:141,0,_ZN8nlohmann16json_abi_v3_11_36detail13concat_lengthIJA15_cNSt7__cxx1112basic_stringIcSt11char_traitsIcESaIcEEEcEEEmPKcDpRKT_
FNA:141,0,_ZN8nlohmann16json_abi_v3_11_36detail13concat_lengthIJEEEmPKcDpRKT_
FNA:141,0,_ZN8nlohmann16json_abi_v3_11_36detail13concat_lengthIJNSt7__cxx1112basic_stringIcSt11char_traitsIcESaIcEEEA10_cS8_EEEmPKcDpRKT_
FNA:141,0,_ZN8nlohmann16json_abi_v3_11_36detail13concat_lengthIJNSt7__cxx1112basic_stringIcSt11char_traitsIcESaIcEEEA3_cS8_S8_EEEmPKcDpRKT_
FNA:141,0,_ZN8nlohmann16json_abi_v3_11_36detail13concat_lengthIJNSt7__cxx1112basic_stringIcSt11char_traitsIcESaIcEEEA5_cS8_EEEmPKcDpRKT_
FNA:141,0,_ZN8nlohmann16json_abi_v3_11_36detail13concat_lengthIJNSt7__cxx1112basic_stringIcSt11char_traitsIcESaIcEEEEEEmPKcDpRKT_
FNA:141,0,_ZN8nlohmann16json_abi_v3_11_36detail13concat_lengthIJNSt7__cxx1112basic_stringIcSt11char_traitsIcESaIcEEES8_EEEmPKcDpRKT_
FNA:141,0,_ZN8nlohmann16json_abi_v3_11_36detail13concat_lengthIJNSt7__cxx1112basic_stringIcSt11char_traitsIcESaIcEEEcEEEmPKcDpRKT_
FNA:141,0,_ZN8nlohmann16json_abi_v3_11_36detail13concat_lengthIJNSt7__cxx1112basic_stringIcSt11char_traitsIcESaIcEEEcS8_A3_cEEEmPKcDpRKT_
FNA:141,0,_ZN8nlohmann16json_abi_v3_11_36detail13concat_lengthIJPKcEEEmS4_DpRKT_
FNL:142,4259,4262
FNA:142,0,_ZN8nlohmann16json_abi_v3_11_36detail13concat_lengthINSt7__cxx1112basic_stringIcSt11char_traitsIcESaIcEEEJA10_cS8_EEEmRKT_DpRKT0_
FNA:142,0,_ZN8nlohmann16json_abi_v3_11_36detail13concat_lengthINSt7__cxx1112basic_stringIcSt11char_traitsIcESaIcEEEJA12_cS8_A3_cS8_S8_EEEmRKT_DpRKT0_
FNA:142,0,_ZN8nlohmann16json_abi_v3_11_36detail13concat_lengthINSt7__cxx1112basic_stringIcSt11char_traitsIcESaIcEEEJA3_cEEEmRKT_DpRKT0_
FNA:142,0,_ZN8nlohmann16json_abi_v3_11_36detail13concat_lengthINSt7__cxx1112basic_stringIcSt11char_traitsIcESaIcEEEJA3_cS8_S8_EEEmRKT_DpRKT0_
FNA:142,0,_ZN8nlohmann16json_abi_v3_11_36detail13concat_lengthINSt7__cxx1112basic_stringIcSt11char_traitsIcESaIcEEEJA5_cS8_EEEmRKT_DpRKT0_
FNA:142,0,_ZN8nlohmann16json_abi_v3_11_36detail13concat_lengthINSt7__cxx1112basic_stringIcSt11char_traitsIcESaIcEEEJEEEmRKT_DpRKT0_
FNA:142,0,_ZN8nlohmann16json_abi_v3_11_36detail13concat_lengthINSt7__cxx1112basic_stringIcSt11char_traitsIcESaIcEEEJS8_EEEmRKT_DpRKT0_
FNA:142,0,_ZN8nlohmann16json_abi_v3_11_36detail13concat_lengthINSt7__cxx1112basic_stringIcSt11char_traitsIcESaIcEEEJS8_S8_EEEmRKT_DpRKT0_
FNA:142,0,_ZN8nlohmann16json_abi_v3_11_36detail13concat_lengthINSt7__cxx1112basic_stringIcSt11char_traitsIcESaIcEEEJcEEEmRKT_DpRKT0_
FNA:142,0,_ZN8nlohmann16json_abi_v3_11_36detail13concat_lengthINSt7__cxx1112basic_stringIcSt11char_traitsIcESaIcEEEJcS8_A3_cEEEmRKT_DpRKT0_
FNL:143,4265,4266
FNA:143,0,_ZN8nlohmann16json_abi_v3_11_36detail11concat_intoINSt7__cxx1112basic_stringIcSt11char_traitsIcESaIcEEEEEvRT_
FNL:144,4312,4316
FNA:144,0,_ZN8nlohmann16json_abi_v3_11_36detail11concat_intoINSt7__cxx1112basic_stringIcSt11char_traitsIcESaIcEEEPKcJELi0EEEvRT_OT0_DpOT1_
FNA:144,0,_ZN8nlohmann16json_abi_v3_11_36detail11concat_intoINSt7__cxx1112basic_stringIcSt11char_traitsIcESaIcEEEPKcJRA15_S9_S8_cELi0EEEvRT_OT0_DpOT1_
FNA:144,0,_ZN8nlohmann16json_abi_v3_11_36detail11concat_intoINSt7__cxx1112basic_stringIcSt11char_traitsIcESaIcEEERA10_KcJS8_ELi0EEEvRT_OT0_DpOT1_
FNA:144,0,_ZN8nlohmann16json_abi_v3_11_36detail11concat_intoINSt7__cxx1112basic_stringIcSt11char_traitsIcESaIcEEERA10_KcJS8_SB_S8_ELi0EEEvRT_OT0_DpOT1_
FNA:144,0,_ZN8nlohmann16json_abi_v3_11_36detail11concat_intoINSt7__cxx1112basic_stringIcSt11char_traitsIcESaIcEEERA12_KcJPS9_ELi0EEEvRT_OT0_DpOT1_
FNA:144,0,_ZN8nlohmann16json_abi_v3_11_36detail11concat_intoINSt7__cxx1112basic_stringIcSt11char_traitsIcESaIcEEERA12_KcJS8_RA3_S9_S8_RKS8_ELi0EEEvRT_OT0_DpOT1_
FNA:144,0,_ZN8nlohmann16json_abi_v3_11_36detail11concat_intoINSt7__cxx1112basic_stringIcSt11char_traitsIcESaIcEEERA15_KcJRKS8_cELi0EEEvRT_OT0_DpOT1_
FNA:144,0,_ZN8nlohmann16json_abi_v3_11_36detail11concat_intoINSt7__cxx1112basic_stringIcSt11char_traitsIcESaIcEEERA15_KcJS8_cELi0EEEvRT_OT0_DpOT1_
FNA:144,0,_ZN8nlohmann16json_abi_v3_11_36detail11concat_intoINSt7__cxx1112basic_stringIcSt11char_traitsIcESaIcEEERA17_KcJRKS8_cS8_RA3_S9_ELi0EEEvRT_OT0_DpOT1_
FNA:144,0,_ZN8nlohmann16json_abi_v3_11_36detail11concat_intoINSt7__cxx1112basic_stringIcSt11char_traitsIcESaIcEEERA23_KcJS8_ELi0EEEvRT_OT0_DpOT1_
FNA:144,0,_ZN8nlohmann16json_abi_v3_11_36detail11concat_intoINSt7__cxx1112basic_stringIcSt11char_traitsIcESaIcEEERA24_KcJS8_ELi0EEEvRT_OT0_DpOT1_
FNA:144,0,_ZN8nlohmann16json_abi_v3_11_36detail11concat_intoINSt7__cxx1112basic_stringIcSt11char_traitsIcESaIcEEERA25_KcJPS9_ELi0EEEvRT_OT0_DpOT1_
FNA:144,0,_ZN8nlohmann16json_abi_v3_11_36detail11concat_intoINSt7__cxx1112basic_stringIcSt11char_traitsIcESaIcEEERA26_KcJS8_cELi0EEEvRT_OT0_DpOT1_
FNA:144,0,_ZN8nlohmann16json_abi_v3_11_36detail11concat_intoINSt7__cxx1112basic_stringIcSt11char_traitsIcESaIcEEERA28_KcJPS9_ELi0EEEvRT_OT0_DpOT1_
FNA:144,0,_ZN8nlohmann16json_abi_v3_11_36detail11concat_intoINSt7__cxx1112basic_stringIcSt11char_traitsIcESaIcEEERA29_KcJPS9_ELi0EEEvRT_OT0_DpOT1_
FNA:144,0,_ZN8nlohmann16json_abi_v3_11_36detail11concat_intoINSt7__cxx1112basic_stringIcSt11char_traitsIcESaIcEEERA29_KcJS8_RA5_S9_S8_ELi0EEEvRT_OT0_DpOT1_
FNA:144,0,_ZN8nlohmann16json_abi_v3_11_36detail11concat_intoINSt7__cxx1112basic_stringIcSt11char_traitsIcESaIcEEERA39_KcJS8_ELi0EEEvRT_OT0_DpOT1_
FNA:144,0,_ZN8nlohmann16json_abi_v3_11_36detail11concat_intoINSt7__cxx1112basic_stringIcSt11char_traitsIcESaIcEEERA3_KcJELi0EEEvRT_OT0_DpOT1_
FNA:144,0,_ZN8nlohmann16json_abi_v3_11_36detail11concat_intoINSt7__cxx1112basic_stringIcSt11char_traitsIcESaIcEEERA3_KcJS8_RKS8_ELi0EEEvRT_OT0_DpOT1_
FNA:144,0,_ZN8nlohmann16json_abi_v3_11_36detail11concat_intoINSt7__cxx1112basic_stringIcSt11char_traitsIcESaIcEEERA51_KcJPS9_ELi0EEEvRT_OT0_DpOT1_
FNA:144,0,_ZN8nlohmann16json_abi_v3_11_36detail11concat_intoINSt7__cxx1112basic_stringIcSt11char_traitsIcESaIcEEERA52_KcJPS9_ELi0EEEvRT_OT0_DpOT1_
FNA:144,0,_ZN8nlohmann16json_abi_v3_11_36detail11concat_intoINSt7__cxx1112basic_stringIcSt11char_traitsIcESaIcEEERA5_KcJS8_ELi0EEEvRT_OT0_DpOT1_
FNA:144,0,_ZN8nlohmann16json_abi_v3_11_36detail11concat_intoINSt7__cxx1112basic_stringIcSt11char_traitsIcESaIcEEERKS8_JELi0EEEvRT_OT0_DpOT1_
FNA:144,0,_ZN8nlohmann16json_abi_v3_11_36detail11concat_intoINSt7__cxx1112basic_stringIcSt11char_traitsIcESaIcEEERKS8_JcELi0EEEvRT_OT0_DpOT1_
FNA:144,0,_ZN8nlohmann16json_abi_v3_11_36detail11concat_intoINSt7__cxx1112basic_stringIcSt11char_traitsIcESaIcEEERKS8_JcS8_RA3_KcELi0EEEvRT_OT0_DpOT1_
FNA:144,0,_ZN8nlohmann16json_abi_v3_11_36detail11concat_intoINSt7__cxx1112basic_stringIcSt11char_traitsIcESaIcEEES8_JELi0EEEvRT_OT0_DpOT1_
FNA:144,0,_ZN8nlohmann16json_abi_v3_11_36detail11concat_intoINSt7__cxx1112basic_stringIcSt11char_traitsIcESaIcEEES8_JRA10_KcS8_ELi0EEEvRT_OT0_DpOT1_
FNA:144,0,_ZN8nlohmann16json_abi_v3_11_36detail11concat_intoINSt7__cxx1112basic_stringIcSt11char_traitsIcESaIcEEES8_JRA12_KcS8_RA3_S9_S8_RKS8_ELi0EEEvRT_OT0_DpOT1_
FNA:144,0,_ZN8nlohmann16json_abi_v3_11_36detail11concat_intoINSt7__cxx1112basic_stringIcSt11char_traitsIcESaIcEEES8_JRA3_KcELi0EEEvRT_OT0_DpOT1_
FNA:144,0,_ZN8nlohmann16json_abi_v3_11_36detail11concat_intoINSt7__cxx1112basic_stringIcSt11char_traitsIcESaIcEEES8_JRA3_KcS8_RKS8_ELi0EEEvRT_OT0_DpOT1_
FNA:144,0,_ZN8nlohmann16json_abi_v3_11_36detail11concat_intoINSt7__cxx1112basic_stringIcSt11char_traitsIcESaIcEEES8_JRA5_KcS8_ELi0EEEvRT_OT0_DpOT1_
FNA:144,0,_ZN8nlohmann16json_abi_v3_11_36detail11concat_intoINSt7__cxx1112basic_stringIcSt11char_traitsIcESaIcEEES8_JRKS8_ELi0EEEvRT_OT0_DpOT1_
FNA:144,0,_ZN8nlohmann16json_abi_v3_11_36detail11concat_intoINSt7__cxx1112basic_stringIcSt11char_traitsIcESaIcEEES8_JS8_RKS8_ELi0EEEvRT_OT0_DpOT1_
FNA:144,0,_ZN8nlohmann16json_abi_v3_11_36detail11concat_intoINSt7__cxx1112basic_stringIcSt11char_traitsIcESaIcEEES8_JcELi0EEEvRT_OT0_DpOT1_
FNL:145,4321,4325
FNA:145,0,_ZN8nlohmann16json_abi_v3_11_36detail11concat_intoINSt7__cxx1112basic_stringIcSt11char_traitsIcESaIcEEEcJELi0EEEvRT_OT0_DpOT1_
FNA:145,0,_ZN8nlohmann16json_abi_v3_11_36detail11concat_intoINSt7__cxx1112basic_stringIcSt11char_traitsIcESaIcEEEcJS8_RA3_KcELi0EEEvRT_OT0_DpOT1_
FNL:146,4349,4355
FNA:146,0,_ZN8nlohmann16json_abi_v3_11_36detail6concatINSt7__cxx1112basic_stringIcSt11char_traitsIcESaIcEEEJPKcRA15_S9_S8_cEEET_DpOT0_
FNA:146,0,_ZN8nlohmann16json_abi_v3_11_36detail6concatINSt7__cxx1112basic_stringIcSt11char_traitsIcESaIcEEEJRA10_KcS8_SB_S8_EEET_DpOT0_
FNA:146,0,_ZN8nlohmann16json_abi_v3_11_36detail6concatINSt7__cxx1112basic_stringIcSt11char_traitsIcESaIcEEEJRA12_KcPS9_EEET_DpOT0_
FNA:146,0,_ZN8nlohmann16json_abi_v3_11_36detail6concatINSt7__cxx1112basic_stringIcSt11char_traitsIcESaIcEEEJRA15_KcRKS8_cEEET_DpOT0_
FNA:146,0,_ZN8nlohmann16json_abi_v3_11_36detail6concatINSt7__cxx1112basic_stringIcSt11char_traitsIcESaIcEEEJRA17_KcRKS8_cS8_RA3_S9_EEET_DpOT0_
FNA:146,0,_ZN8nlohmann16json_abi_v3_11_36detail6concatINSt7__cxx1112basic_stringIcSt11char_traitsIcESaIcEEEJRA23_KcS8_EEET_DpOT0_
FNA:146,0,_ZN8nlohmann16json_abi_v3_11_36detail6concatINSt7__cxx1112basic_stringIcSt11char_traitsIcESaIcEEEJRA24_KcS8_EEET_DpOT0_
FNA:146,0,_ZN8nlohmann16json_abi_v3_11_36detail6concatINSt7__cxx1112basic_stringIcSt11char_traitsIcESaIcEEEJRA25_KcPS9_EEET_DpOT0_
FNA:146,0,_ZN8nlohmann16json_abi_v3_11_36detail6concatINSt7__cxx1112basic_stringIcSt11char_traitsIcESaIcEEEJRA26_KcS8_cEEET_DpOT0_
FNA:146,0,_ZN8nlohmann16json_abi_v3_11_36detail6concatINSt7__cxx1112basic_stringIcSt11char_traitsIcESaIcEEEJRA28_KcPS9_EEET_DpOT0_
FNA:146,0,_ZN8nlohmann16json_abi_v3_11_36detail6concatINSt7__cxx1112basic_stringIcSt11char_traitsIcESaIcEEEJRA29_KcPS9_EEET_DpOT0_
FNA:146,0,_ZN8nlohmann16json_abi_v3_11_36detail6concatINSt7__cxx1112basic_stringIcSt11char_traitsIcESaIcEEEJRA29_KcS8_RA5_S9_S8_EEET_DpOT0_
FNA:146,0,_ZN8nlohmann16json_abi_v3_11_36detail6concatINSt7__cxx1112basic_stringIcSt11char_traitsIcESaIcEEEJRA39_KcS8_EEET_DpOT0_
FNA:146,0,_ZN8nlohmann16json_abi_v3_11_36detail6concatINSt7__cxx1112basic_stringIcSt11char_traitsIcESaIcEEEJRA51_KcPS9_EEET_DpOT0_
FNA:146,0,_ZN8nlohmann16json_abi_v3_11_36detail6concatINSt7__cxx1112basic_stringIcSt11char_traitsIcESaIcEEEJRA52_KcPS9_EEET_DpOT0_
FNA:146,0,_ZN8nlohmann16json_abi_v3_11_36detail6concatINSt7__cxx1112basic_stringIcSt11char_traitsIcESaIcEEEJS8_RA12_KcS8_RA3_S9_S8_RKS8_EEET_DpOT0_
FNA:146,0,_ZN8nlohmann16json_abi_v3_11_36detail6concatINSt7__cxx1112basic_stringIcSt11char_traitsIcESaIcEEEJS8_S8_RKS8_EEET_DpOT0_
FNL:147,4375,4378
FNA:147,0,_ZNK8nlohmann16json_abi_v3_11_36detail9exception4whatEv
FNL:148,4385,4385
FNA:148,0,_ZN8nlohmann16json_abi_v3_11_36detail9exceptionC2EiPKc
FNL:149,4387,4390
FNA:149,0,_ZN8nlohmann16json_abi_v3_11_36detail9exception4nameERKNSt7__cxx1112basic_stringIcSt11char_traitsIcESaIcEEEi
FNL:150,4392,4395
FNA:150,0,_ZN8nlohmann16json_abi_v3_11_36detail9exception11diagnosticsB5cxx11EDn
FNL:151,4398,4460
FNA:151,0,_ZN8nlohmann16json_abi_v3_11_36detail9exception11diagnosticsINS0_10basic_jsonISt3mapSt6vectorNSt7__cxx1112basic_stringIcSt11char_traitsIcESaIcEEEblmdSaNS0_14adl_serializerES6_IhSaIhEEvEEEESC_PKT_
FNL:152,4482,4487
FNA:152,0,_ZN8nlohmann16json_abi_v3_11_36detail11parse_error6createIDnLi0EEES2_iRKNS1_10position_tERKNSt7__cxx1112basic_stringIcSt11char_traitsIcESaIcEEET_
FNL:153,4510,4511
FNA:153,0,_ZN8nlohmann16json_abi_v3_11_36detail11parse_errorC2EimPKc
FNL:154,4513,4517
FNA:154,0,_ZN8nlohmann16json_abi_v3_11_36detail11parse_error15position_stringB5cxx11ERKNS1_10position_tE
FNL:155,4526,4530
FNA:155,0,_ZN8nlohmann16json_abi_v3_11_36detail16invalid_iterator6createIPKNS0_10basic_jsonISt3mapSt6vectorNSt7__cxx1112basic_stringIcSt11char_traitsIcESaIcEEEblmdSaNS0_14adl_serializerES6_IhSaIhEEvEELi0EEES2_iRKSC_T_
FNA:155,0,_ZN8nlohmann16json_abi_v3_11_36detail16invalid_iterator6createIPNS0_10basic_jsonISt3mapSt6vectorNSt7__cxx1112basic_stringIcSt11char_traitsIcESaIcEEEblmdSaNS0_14adl_serializerES6_IhSaIhEEvEELi0EEES2_iRKSC_T_
FNL:156,4534,4535
FNA:156,0,_ZN8nlohmann16json_abi_v3_11_36detail16invalid_iteratorC2EiPKc
FNL:157,4544,4548
FNA:157,0,_ZN8nlohmann16json_abi_v3_11_36detail10type_error6createIDnLi0EEES2_iRKNSt7__cxx1112basic_stringIcSt11char_traitsIcESaIcEEET_
FNA:157,0,_ZN8nlohmann16json_abi_v3_11_36detail10type_error6createIPKNS0_10basic_jsonISt3mapSt6vectorNSt7__cxx1112basic_stringIcSt11char_traitsIcESaIcEEEblmdSaNS0_14adl_serializerES6_IhSaIhEEvEELi0EEES2_iRKSC_T_
FNA:157,0,_ZN8nlohmann16json_abi_v3_11_36detail10type_error6createIPNS0_10basic_jsonISt3mapSt6vectorNSt7__cxx1112basic_stringIcSt11char_traitsIcESaIcEEEblmdSaNS0_14adl_serializerES6_IhSaIhEEvEELi0EEES2_iRKSC_T_
FNL:158,4552,4552
FNA:158,0,_ZN8nlohmann16json_abi_v3_11_36detail10type_errorC2EiPKc
FNL:159,4561,4565
FNA:159,0,_ZN8nlohmann16json_abi_v3_11_36detail12out_of_range6createIDnLi0EEES2_iRKNSt7__cxx1112basic_stringIcSt11char_traitsIcESaIcEEET_
FNA:159,0,_ZN8nlohmann16json_abi_v3_11_36detail12out_of_range6createIPNS0_10basic_jsonISt3mapSt6vectorNSt7__cxx1112basic_stringIcSt11char_traitsIcESaIcEEEblmdSaNS0_14adl_serializerES6_IhSaIhEEvEELi0EEES2_iRKSC_T_
FNL:160,4569,4569
FNA:160,0,_ZN8nlohmann16json_abi_v3_11_36detail12out_of_rangeC2EiPKc
FNL:161,4578,4582
FNA:161,0,_ZN8nlohmann16json_abi_v3_11_36detail11other_error6createIDnLi0EEES2_iRKNSt7__cxx1112basic_stringIcSt11char_traitsIcESaIcEEET_
FNL:162,4586,4586
FNA:162,0,_ZN8nlohmann16json_abi_v3_11_36detail11other_errorC2EiPKc
FNL:163,4721,4728
FNA:163,22,_ZN8nlohmann16json_abi_v3_11_36detail9from_jsonINS0_10basic_jsonISt3mapSt6vectorNSt7__cxx1112basic_stringIcSt11char_traitsIcESaIcEEEblmdSaNS0_14adl_serializerES5_IhSaIhEEvEEEEvRKT_RNSG_8string_tE
FNL:164,4841,4859
FNA:164,2,_ZN8nlohmann16json_abi_v3_11_36detail20from_json_array_implINS0_10basic_jsonISt3mapSt6vectorNSt7__cxx1112basic_stringIcSt11char_traitsIcESaIcEEEblmdSaNS0_14adl_serializerES5_IhSaIhEEvEES5_ISB_SaISB_EELi0EEEDTcmcmcldtfp0_7reservecl7declvalINT0_9size_typeEEEEcldtfp_3getINSI_10value_typeEEEcvv_EERKT_RSI_NS1_12priority_tagILj1EEE
FNL:165,4852,4852
FNA:165,2,_ZZN8nlohmann16json_abi_v3_11_36detail20from_json_array_implINS0_10basic_jsonISt3mapSt6vectorNSt7__cxx1112basic_stringIcSt11char_traitsIcESaIcEEEblmdSaNS0_14adl_serializerES5_IhSaIhEEvEES5_ISB_SaISB_EELi0EEEDTcmcmcldtfp0_7reservecl7declvalINT0_9size_typeEEEEcldtfp_3getINSI_10value_typeEEEcvv_EERKT_RSI_NS1_12priority_tagILj1EEEENKUlRKSF_E_clEST_
FNL:166,4890,4901
FNA:166,2,_ZN8nlohmann16json_abi_v3_11_36detail9from_jsonINS0_10basic_jsonISt3mapSt6vectorNSt7__cxx1112basic_stringIcSt11char_traitsIcESaIcEEEblmdSaNS0_14adl_serializerES5_IhSaIhEEvEES5_ISB_SaISB_EELi0EEEDTcmcmcl20from_json_array_implfp_fp0_tlNS1_12priority_tagILj3EEEEEcldtfp_3getINT0_10value_typeEEEcvv_EERKT_RSK_
FNL:167,4967,5001
FNA:167,6,_ZN8nlohmann16json_abi_v3_11_36detail9from_jsonINS0_10basic_jsonISt3mapSt6vectorNSt7__cxx1112basic_stringIcSt11char_traitsIcESaIcEEEblmdSaNS0_14adl_serializerES5_IhSaIhEEvEEiLi0EEEvRKT_RT0_
FNL:168,5101,5106
FNA:168,2,_ZNK8nlohmann16json_abi_v3_11_36detail12from_json_fnclINS0_10basic_jsonISt3mapSt6vectorNSt7__cxx1112basic_stringIcSt11char_traitsIcESaIcEEEblmdSaNS0_14adl_serializerES6_IhSaIhEEvEERS6_ISC_SaISC_EEEEDTcl9from_jsonfp_cl7forwardIT0_Efp0_EEERKT_OSK_
FNA:168,22,_ZNK8nlohmann16json_abi_v3_11_36detail12from_json_fnclINS0_10basic_jsonISt3mapSt6vectorNSt7__cxx1112basic_stringIcSt11char_traitsIcESaIcEEEblmdSaNS0_14adl_serializerES6_IhSaIhEEvEERSC_EEDTcl9from_jsonfp_cl7forwardIT0_Efp0_EEERKT_OSI_
FNA:168,6,_ZNK8nlohmann16json_abi_v3_11_36detail12from_json_fnclINS0_10basic_jsonISt3mapSt6vectorNSt7__cxx1112basic_stringIcSt11char_traitsIcESaIcEEEblmdSaNS0_14adl_serializerES6_IhSaIhEEvEERiEEDTcl9from_jsonfp_cl7forwardIT0_Efp0_EEERKT_OSI_
FNL:169,5425,5431
FNA:169,2,_ZN8nlohmann16json_abi_v3_11_36detail20external_constructorILNS1_7value_tE4EE9constructINS0_10basic_jsonISt3mapSt6vectorNSt7__cxx1112basic_stringIcSt11char_traitsIcESaIcEEEblmdSaNS0_14adl_serializerES8_IhSaIhEEvEEEEvRT_NSJ_9boolean_tE
FNL:170,5438,5444
FNA:170,25,_ZN8nlohmann16json_abi_v3_11_36detail20external_constructorILNS1_7value_tE3EE9constructINS0_10basic_jsonISt3mapSt6vectorNSt7__cxx1112basic_stringIcSt11char_traitsIcESaIcEEEblmdSaNS0_14adl_serializerES8_IhSaIhEEvEEEEvRT_RKNSJ_8string_tE
FNL:171,5493,5499
FNA:171,0,_ZN8nlohmann16json_abi_v3_11_36detail20external_constructorILNS1_7value_tE7EE9constructINS0_10basic_jsonISt3mapSt6vectorNSt7__cxx1112basic_stringIcSt11char_traitsIcESaIcEEEblmdSaNS0_14adl_serializerES8_IhSaIhEEvEEEEvRT_NSJ_14number_float_tE
FNL:172,5506,5512
FNA:172,2,_ZN8nlohmann16json_abi_v3_11_36detail20external_constructorILNS1_7value_tE6EE9constructINS0_10basic_jsonISt3mapSt6vectorNSt7__cxx1112basic_stringIcSt11char_traitsIcESaIcEEEblmdSaNS0_14adl_serializerES8_IhSaIhEEvEEEEvRT_NSJ_17number_unsigned_tE
FNL:173,5519,5525
FNA:173,14,_ZN8nlohmann16json_abi_v3_11_36detail20external_constructorILNS1_7value_tE5EE9constructINS0_10basic_jsonISt3mapSt6vectorNSt7__cxx1112basic_stringIcSt11char_traitsIcESaIcEEEblmdSaNS0_14adl_serializerES8_IhSaIhEEvEEEEvRT_NSJ_16number_integer_tE
FNL:174,5554,5564
FNA:174,2,_ZN8nlohmann16json_abi_v3_11_36detail20external_constructorILNS1_7value_tE2EE9constructINS0_10basic_jsonISt3mapSt6vectorNSt7__cxx1112basic_stringIcSt11char_traitsIcESaIcEEEblmdSaNS0_14adl_serializerES8_IhSaIhEEvEES8_ISE_SaISE_EELi0EEEvRT_RKT0_
FNL:175,5642,5645
FNA:175,2,_ZN8nlohmann16json_abi_v3_11_36detail7to_jsonINS0_10basic_jsonISt3mapSt6vectorNSt7__cxx1112basic_stringIcSt11char_traitsIcESaIcEEEblmdSaNS0_14adl_serializerES5_IhSaIhEEvEEbLi0EEEvRT_T0_
FNL:176,5662,5665
FNA:176,25,_ZN8nlohmann16json_abi_v3_11_36detail7to_jsonINS0_10basic_jsonISt3mapSt6vectorNSt7__cxx1112basic_stringIcSt11char_traitsIcESaIcEEEblmdSaNS0_14adl_serializerES5_IhSaIhEEvEESB_Li0EEEvRT_RKT0_
FNL:177,5675,5678
FNA:177,0,_ZN8nlohmann16json_abi_v3_11_36detail7to_jsonINS0_10basic_jsonISt3mapSt6vectorNSt7__cxx1112basic_stringIcSt11char_traitsIcESaIcEEEblmdSaNS0_14adl_serializerES5_IhSaIhEEvEEdLi0EEEvRT_T0_
FNL:178,5682,5685
FNA:178,2,_ZN8nlohmann16json_abi_v3_11_36detail7to_jsonINS0_10basic_jsonISt3mapSt6vectorNSt7__cxx1112basic_stringIcSt11char_traitsIcESaIcEEEblmdSaNS0_14adl_serializerES5_IhSaIhEEvEEmLi0EEEvRT_T0_
FNL:179,5689,5692
FNA:179,14,_ZN8nlohmann16json_abi_v3_11_36detail7to_jsonINS0_10basic_jsonISt3mapSt6vectorNSt7__cxx1112basic_stringIcSt11char_traitsIcESaIcEEEblmdSaNS0_14adl_serializerES5_IhSaIhEEvEEiLi0EEEvRT_T0_
FNA:179,0,_ZN8nlohmann16json_abi_v3_11_36detail7to_jsonINS0_10basic_jsonISt3mapSt6vectorNSt7__cxx1112basic_stringIcSt11char_traitsIcESaIcEEEblmdSaNS0_14adl_serializerES5_IhSaIhEEvEElLi0EEEvRT_T0_
FNL:180,5718,5721
FNA:180,2,_ZN8nlohmann16json_abi_v3_11_36detail7to_jsonINS0_10basic_jsonISt3mapSt6vectorNSt7__cxx1112basic_stringIcSt11char_traitsIcESaIcEEEblmdSaNS0_14adl_serializerES5_IhSaIhEEvEES5_ISB_SaISB_EELi0EEEvRT_RKT0_
FNL:181,5802,5806
FNA:181,2,_ZNK8nlohmann16json_abi_v3_11_36detail10to_json_fnclINS0_10basic_jsonISt3mapSt6vectorNSt7__cxx1112basic_stringIcSt11char_traitsIcESaIcEEEblmdSaNS0_14adl_serializerES6_IhSaIhEEvEERKS6_ISC_SaISC_EEEEDTcmcl7to_jsonfp_cl7forwardIT0_Efp0_EEcvv_EERT_OSL_
FNA:181,8,_ZNK8nlohmann16json_abi_v3_11_36detail10to_json_fnclINS0_10basic_jsonISt3mapSt6vectorNSt7__cxx1112basic_stringIcSt11char_traitsIcESaIcEEEblmdSaNS0_14adl_serializerES6_IhSaIhEEvEERKSC_EEDTcmcl7to_jsonfp_cl7forwardIT0_Efp0_EEcvv_EERT_OSJ_
FNA:181,14,_ZNK8nlohmann16json_abi_v3_11_36detail10to_json_fnclINS0_10basic_jsonISt3mapSt6vectorNSt7__cxx1112basic_stringIcSt11char_traitsIcESaIcEEEblmdSaNS0_14adl_serializerES6_IhSaIhEEvEERKiEEDTcmcl7to_jsonfp_cl7forwardIT0_Efp0_EEcvv_EERT_OSJ_
FNA:181,17,_ZNK8nlohmann16json_abi_v3_11_36detail10to_json_fnclINS0_10basic_jsonISt3mapSt6vectorNSt7__cxx1112basic_stringIcSt11char_traitsIcESaIcEEEblmdSaNS0_14adl_serializerES6_IhSaIhEEvEERSC_EEDTcmcl7to_jsonfp_cl7forwardIT0_Efp0_EEcvv_EERT_OSI_
FNA:181,0,_ZNK8nlohmann16json_abi_v3_11_36detail10to_json_fnclINS0_10basic_jsonISt3mapSt6vectorNSt7__cxx1112basic_stringIcSt11char_traitsIcESaIcEEEblmdSaNS0_14adl_serializerES6_IhSaIhEEvEERbEEDTcmcl7to_jsonfp_cl7forwardIT0_Efp0_EEcvv_EERT_OSI_
FNA:181,0,_ZNK8nlohmann16json_abi_v3_11_36detail10to_json_fnclINS0_10basic_jsonISt3mapSt6vectorNSt7__cxx1112basic_stringIcSt11char_traitsIcESaIcEEEblmdSaNS0_14adl_serializerES6_IhSaIhEEvEERdEEDTcmcl7to_jsonfp_cl7forwardIT0_Efp0_EEcvv_EERT_OSI_
FNA:181,0,_ZNK8nlohmann16json_abi_v3_11_36detail10to_json_fnclINS0_10basic_jsonISt3mapSt6vectorNSt7__cxx1112basic_stringIcSt11char_traitsIcESaIcEEEblmdSaNS0_14adl_serializerES6_IhSaIhEEvEERlEEDTcmcl7to_jsonfp_cl7forwardIT0_Efp0_EEcvv_EERT_OSI_
FNA:181,2,_ZNK8nlohmann16json_abi_v3_11_36detail10to_json_fnclINS0_10basic_jsonISt3mapSt6vectorNSt7__cxx1112basic_stringIcSt11char_traitsIcESaIcEEEblmdSaNS0_14adl_serializerES6_IhSaIhEEvEERmEEDTcmcl7to_jsonfp_cl7forwardIT0_Efp0_EEcvv_EERT_OSI_
FNA:181,2,_ZNK8nlohmann16json_abi_v3_11_36detail10to_json_fnclINS0_10basic_jsonISt3mapSt6vectorNSt7__cxx1112basic_stringIcSt11char_traitsIcESaIcEEEblmdSaNS0_14adl_serializerES6_IhSaIhEEvEEbEEDTcmcl7to_jsonfp_cl7forwardIT0_Efp0_EEcvv_EERT_OSH_
FNL:182,5837,5842
FNA:182,22,_ZN8nlohmann16json_abi_v3_11_314adl_serializerINSt7__cxx1112basic_stringIcSt11char_traitsIcESaIcEEEvE9from_jsonIRKNS0_10basic_jsonISt3mapSt6vectorS7_blmdSaS1_SC_IhSaIhEEvEES7_EEDTcmclL_ZNS0_9from_jsonEEcl7forwardIT_Efp_Efp0_Ecvv_EEOSI_RT0_
FNA:182,2,_ZN8nlohmann16json_abi_v3_11_314adl_serializerISt6vectorINSt7__cxx1112basic_stringIcSt11char_traitsIcESaIcEEESaIS8_EEvE9from_jsonIRKNS0_10basic_jsonISt3mapS2_S8_blmdSaS1_S2_IhSaIhEEvEESA_EEDTcmclL_ZNS0_9from_jsonEEcl7forwardIT_Efp_Efp0_Ecvv_EEOSK_RT0_
FNA:182,6,_ZN8nlohmann16json_abi_v3_11_314adl_serializerIivE9from_jsonIRKNS0_10basic_jsonISt3mapSt6vectorNSt7__cxx1112basic_stringIcSt11char_traitsIcESaIcEEEblmdSaS1_S6_IhSaIhEEvEEiEEDTcmclL_ZNS0_9from_jsonEEcl7forwardIT_Efp_Efp0_Ecvv_EEOSI_RT0_
FNL:183,5857,5862
FNA:183,8,_ZN8nlohmann16json_abi_v3_11_314adl_serializerINSt7__cxx1112basic_stringIcSt11char_traitsIcESaIcEEEvE7to_jsonINS0_10basic_jsonISt3mapSt6vectorS7_blmdSaS1_SC_IhSaIhEEvEERKS7_EEDTcmclL_ZNS0_7to_jsonEEfp_cl7forwardIT0_Efp0_EEcvv_EERT_OSI_
FNA:183,17,_ZN8nlohmann16json_abi_v3_11_314adl_serializerINSt7__cxx1112basic_stringIcSt11char_traitsIcESaIcEEEvE7to_jsonINS0_10basic_jsonISt3mapSt6vectorS7_blmdSaS1_SC_IhSaIhEEvEERS7_EEDTcmclL_ZNS0_7to_jsonEEfp_cl7forwardIT0_Efp0_EEcvv_EERT_OSH_
FNA:183,2,_ZN8nlohmann16json_abi_v3_11_314adl_serializerISt6vectorINSt7__cxx1112basic_stringIcSt11char_traitsIcESaIcEEESaIS8_EEvE7to_jsonINS0_10basic_jsonISt3mapS2_S8_blmdSaS1_S2_IhSaIhEEvEERKSA_EEDTcmclL_ZNS0_7to_jsonEEfp_cl7forwardIT0_Efp0_EEcvv_EERT_OSK_
FNA:183,0,_ZN8nlohmann16json_abi_v3_11_314adl_serializerIbvE7to_jsonINS0_10basic_jsonISt3mapSt6vectorNSt7__cxx1112basic_stringIcSt11char_traitsIcESaIcEEEblmdSaS1_S6_IhSaIhEEvEERbEEDTcmclL_ZNS0_7to_jsonEEfp_cl7forwardIT0_Efp0_EEcvv_EERT_OSH_
FNA:183,2,_ZN8nlohmann16json_abi_v3_11_314adl_serializerIbvE7to_jsonINS0_10basic_jsonISt3mapSt6vectorNSt7__cxx1112basic_stringIcSt11char_traitsIcESaIcEEEblmdSaS1_S6_IhSaIhEEvEEbEEDTcmclL_ZNS0_7to_jsonEEfp_cl7forwardIT0_Efp0_EEcvv_EERT_OSG_
FNA:183,0,_ZN8nlohmann16json_abi_v3_11_314adl_serializerIdvE7to_jsonINS0_10basic_jsonISt3mapSt6vectorNSt7__cxx1112basic_stringIcSt11char_traitsIcESaIcEEEblmdSaS1_S6_IhSaIhEEvEERdEEDTcmclL_ZNS0_7to_jsonEEfp_cl7forwardIT0_Efp0_EEcvv_EERT_OSH_
FNA:183,14,_ZN8nlohmann16json_abi_v3_11_314adl_serializerIivE7to_jsonINS0_10basic_jsonISt3mapSt6vectorNSt7__cxx1112basic_stringIcSt11char_traitsIcESaIcEEEblmdSaS1_S6_IhSaIhEEvEERKiEEDTcmclL_ZNS0_7to_jsonEEfp_cl7forwardIT0_Efp0_EEcvv_EERT_OSI_
FNA:183,0,_ZN8nlohmann16json_abi_v3_11_314adl_serializerIlvE7to_jsonINS0_10basic_jsonISt3mapSt6vectorNSt7__cxx1112basic_stringIcSt11char_traitsIcESaIcEEEblmdSaS1_S6_IhSaIhEEvEERlEEDTcmclL_ZNS0_7to_jsonEEfp_cl7forwardIT0_Efp0_EEcvv_EERT_OSH_
FNA:183,2,_ZN8nlohmann16json_abi_v3_11_314adl_serializerImvE7to_jsonINS0_10basic_jsonISt3mapSt6vectorNSt7__cxx1112basic_stringIcSt11char_traitsIcESaIcEEEblmdSaS1_S6_IhSaIhEEvEERmEEDTcmclL_ZNS0_7to_jsonEEfp_cl7forwardIT0_Efp0_EEcvv_EERT_OSH_
FNL:184,5897,5899
FNA:184,0,_ZN8nlohmann16json_abi_v3_11_327byte_container_with_subtypeISt6vectorIhSaIhEEEC2Ev
FNL:185,5946,5949
FNA:185,0,_ZNK8nlohmann16json_abi_v3_11_327byte_container_with_subtypeISt6vectorIhSaIhEEE7subtypeEv
FNL:186,5953,5956
FNA:186,0,_ZNK8nlohmann16json_abi_v3_11_327byte_container_with_subtypeISt6vectorIhSaIhEEE11has_subtypeEv
FNL:187,6285,6287
FNA:187,2,_ZN8nlohmann16json_abi_v3_11_36detail22iterator_input_adapterIN9__gnu_cxx17__normal_iteratorIPKcNSt7__cxx1112basic_stringIcSt11char_traitsIcESaIcEEEEEEC2ESD_SD_
FNL:188,6289,6299
FNA:188,74,_ZN8nlohmann16json_abi_v3_11_36detail22iterator_input_adapterIN9__gnu_cxx17__normal_iteratorIPKcNSt7__cxx1112basic_stringIcSt11char_traitsIcESaIcEEEEEE13get_characterEv
FNL:189,6489,6492
FNA:189,2,_ZN8nlohmann16json_abi_v3_11_36detail30iterator_input_adapter_factoryIN9__gnu_cxx17__normal_iteratorIPKcNSt7__cxx1112basic_stringIcSt11char_traitsIcESaIcEEEEEvE6createESD_SD_
FNL:190,6521,6525
FNA:190,2,_ZN8nlohmann16json_abi_v3_11_36detail13input_adapterIN9__gnu_cxx17__normal_iteratorIPKcNSt7__cxx1112basic_stringIcSt11char_traitsIcESaIcEEEEEEENS1_30iterator_input_adapter_factoryIT_vE12adapter_typeESF_SF_
FNL:191,6546,6549
FNA:191,2,_ZN8nlohmann16json_abi_v3_11_36detail36container_input_adapter_factory_impl31container_input_adapter_factoryINSt7__cxx1112basic_stringIcSt11char_traitsIcESaIcEEEvE6createERKS9_
FNL:192,6555,6558
FNA:192,2,_ZN8nlohmann16json_abi_v3_11_36detail13input_adapterINSt7__cxx1112basic_stringIcSt11char_traitsIcESaIcEEEEENS1_36container_input_adapter_factory_impl31container_input_adapter_factoryIT_vE12adapter_typeERKSB_
FNL:193,6813,6815
[...]
FNL:1,181,181
FNA:1,273,_ZNK7testing15AssertionResultcvbEv
FNL:2,190,192
FNA:2,0,_ZNK7testing15AssertionResult7messageEv
FNL:3,194,194
FNA:3,0,_ZNK7testing15AssertionResult15failure_messageEv
FNF:4
FNH:2
DA:162,128
DA:168,128
DA:181,273
DA:190,0
DA:191,0
DA:194,0
LF:6
LH:3
end_of_record
TN:
SF:/usr/include/gtest/gtest-message.h
FNF:0
FNH:0
LF:0
LH:0
end_of_record
TN:
SF:/usr/include/gtest/gtest-printers.h
FNL:0,1064,1066
FNA:0,0,_ZN7testing8internal21UniversalTersePrinterINSt7__cxx1112basic_stringIcSt11char_traitsIcESaIcEEEE5PrintERKS7_PSo
FNA:0,0,_ZN7testing8internal21UniversalTersePrinterIiE5PrintERKiPSo
FNL:1,1092,1098
FNA:1,0,_ZN7testing8internal21UniversalTersePrinterIPKcE5PrintES3_PSo
FNL:2,1183,1188
FNA:2,0,_ZN7testing8internal14UniversalPrintINSt7__cxx1112basic_stringIcSt11char_traitsIcESaIcEEEEEvRKT_PSo
FNA:2,0,_ZN7testing8internal14UniversalPrintIiEEvRKT_PSo
FNL:3,1223,1227
FNA:3,0,_ZN7testing13PrintToStringINSt7__cxx1112basic_stringIcSt11char_traitsIcESaIcEEEEES6_RKT_
FNA:3,0,_ZN7testing13PrintToStringIPKcEENSt7__cxx1112basic_stringIcSt11char_traitsIcESaIcEEERKT_
FNA:3,0,_ZN7testing13PrintToStringIiEENSt7__cxx1112basic_stringIcSt11char_traitsIcESaIcEEERKT_
FNL:4,248,253
FNA:4,0,_ZN7testing8internal52internal_stream_operator_without_lexical_name_lookup13StreamPrinter10PrintValueIivEEDTcvvlsdefp0_fp_ERKT_PSo
FNL:5,352,363
FNA:5,0,_ZN7testing8internal17PrintWithFallbackIiEEvRKT_PSo
FNL:6,383,385
FNA:6,0,_ZN7testing8internal19FormatForComparisonINSt7__cxx1112basic_stringIcSt11char_traitsIcESaIcEEEA10_cE6FormatERKS7_
FNA:6,0,_ZN7testing8internal19FormatForComparisonINSt7__cxx1112basic_stringIcSt11char_traitsIcESaIcEEEA1_cE6FormatERKS7_
FNA:6,0,_ZN7testing8internal19FormatForComparisonINSt7__cxx1112basic_stringIcSt11char_traitsIcESaIcEEEA2_cE6FormatERKS7_
FNA:6,0,_ZN7testing8internal19FormatForComparisonINSt7__cxx1112basic_stringIcSt11char_traitsIcESaIcEEEA4_cE6FormatERKS7_
FNA:6,0,_ZN7testing8internal19FormatForComparisonINSt7__cxx1112basic_stringIcSt11char_traitsIcESaIcEEEA5_cE6FormatERKS7_
FNA:6,0,_ZN7testing8internal19FormatForComparisonINSt7__cxx1112basic_stringIcSt11char_traitsIcESaIcEEEA6_cE6FormatERKS7_
FNA:6,0,_ZN7testing8internal19FormatForComparisonINSt7__cxx1112basic_stringIcSt11char_traitsIcESaIcEEEA7_cE6FormatERKS7_
FNA:6,0,_ZN7testing8internal19FormatForComparisonINSt7__cxx1112basic_stringIcSt11char_traitsIcESaIcEEEA9_cE6FormatERKS7_
FNA:6,0,_ZN7testing8internal19FormatForComparisonINSt7__cxx1112basic_stringIcSt11char_traitsIcESaIcEEES7_E6FormatERKS7_
FNA:6,0,_ZN7testing8internal19FormatForComparisonIiiE6FormatB5cxx11ERKi
FNL:7,392,394
FNA:7,0,_ZN7testing8internal19FormatForComparisonIA10_cNSt7__cxx1112basic_stringIcSt11char_traitsIcESaIcEEEE6FormatEPKc
FNA:7,0,_ZN7testing8internal19FormatForComparisonIA1_cNSt7__cxx1112basic_stringIcSt11char_traitsIcESaIcEEEE6FormatEPKc
FNA:7,0,_ZN7testing8internal19FormatForComparisonIA2_cNSt7__cxx1112basic_stringIcSt11char_traitsIcESaIcEEEE6FormatEPKc
FNA:7,0,_ZN7testing8internal19FormatForComparisonIA4_cNSt7__cxx1112basic_stringIcSt11char_traitsIcESaIcEEEE6FormatEPKc
FNA:7,0,_ZN7testing8internal19FormatForComparisonIA5_cNSt7__cxx1112basic_stringIcSt11char_traitsIcESaIcEEEE6FormatEPKc
FNA:7,0,_ZN7testing8internal19FormatForComparisonIA6_cNSt7__cxx1112basic_stringIcSt11char_traitsIcESaIcEEEE6FormatEPKc
FNA:7,0,_ZN7testing8internal19FormatForComparisonIA7_cNSt7__cxx1112basic_stringIcSt11char_traitsIcESaIcEEEE6FormatEPKc
FNA:7,0,_ZN7testing8internal19FormatForComparisonIA9_cNSt7__cxx1112basic_stringIcSt11char_traitsIcESaIcEEEE6FormatEPKc
FNL:8,437,437
FNA:8,0,_ZN7testing8internal19FormatForComparisonIPKcNSt7__cxx1112basic_stringIcSt11char_traitsIcESaIcEEEE6FormatES3_
FNL:9,463,466
FNA:9,0,_ZN7testing8internal33FormatForComparisonFailureMessageIA10_cNSt7__cxx1112basic_stringIcSt11char_traitsIcESaIcEEEEES8_RKT_RKT0_
FNA:9,0,_ZN7testing8internal33FormatForComparisonFailureMessageIA1_cNSt7__cxx1112basic_stringIcSt11char_traitsIcESaIcEEEEES8_RKT_RKT0_
FNA:9,0,_ZN7testing8internal33FormatForComparisonFailureMessageIA2_cNSt7__cxx1112basic_stringIcSt11char_traitsIcESaIcEEEEES8_RKT_RKT0_
FNA:9,0,_ZN7testing8internal33FormatForComparisonFailureMessageIA4_cNSt7__cxx1112basic_stringIcSt11char_traitsIcESaIcEEEEES8_RKT_RKT0_
FNA:9,0,_ZN7testing8internal33FormatForComparisonFailureMessageIA5_cNSt7__cxx1112basic_stringIcSt11char_traitsIcESaIcEEEEES8_RKT_RKT0_
FNA:9,0,_ZN7testing8internal33FormatForComparisonFailureMessageIA6_cNSt7__cxx1112basic_stringIcSt11char_traitsIcESaIcEEEEES8_RKT_RKT0_
FNA:9,0,_ZN7testing8internal33FormatForComparisonFailureMessageIA7_cNSt7__cxx1112basic_stringIcSt11char_traitsIcESaIcEEEEES8_RKT_RKT0_
FNA:9,0,_ZN7testing8internal33FormatForComparisonFailureMessageIA9_cNSt7__cxx1112basic_stringIcSt11char_traitsIcESaIcEEEEES8_RKT_RKT0_
FNA:9,0,_ZN7testing8internal33FormatForComparisonFailureMessageINSt7__cxx1112basic_stringIcSt11char_traitsIcESaIcEEEA10_cEES7_RKT_RKT0_
FNA:9,0,_ZN7testing8internal33FormatForComparisonFailureMessageINSt7__cxx1112basic_stringIcSt11char_traitsIcESaIcEEEA1_cEES7_RKT_RKT0_
FNA:9,0,_ZN7testing8internal33FormatForComparisonFailureMessageINSt7__cxx1112basic_stringIcSt11char_traitsIcESaIcEEEA2_cEES7_RKT_RKT0_
FNA:9,0,_ZN7testing8internal33FormatForComparisonFailureMessageINSt7__cxx1112basic_stringIcSt11char_traitsIcESaIcEEEA4_cEES7_RKT_RKT0_
FNA:9,0,_ZN7testing8internal33FormatForComparisonFailureMessageINSt7__cxx1112basic_stringIcSt11char_traitsIcESaIcEEEA5_cEES7_RKT_RKT0_
FNA:9,0,_ZN7testing8internal33FormatForComparisonFailureMessageINSt7__cxx1112basic_stringIcSt11char_traitsIcESaIcEEEA6_cEES7_RKT_RKT0_
FNA:9,0,_ZN7testing8internal33FormatForComparisonFailureMessageINSt7__cxx1112basic_stringIcSt11char_traitsIcESaIcEEEA7_cEES7_RKT_RKT0_
FNA:9,0,_ZN7testing8internal33FormatForComparisonFailureMessageINSt7__cxx1112basic_stringIcSt11char_traitsIcESaIcEEEA9_cEES7_RKT_RKT0_
FNA:9,0,_ZN7testing8internal33FormatForComparisonFailureMessageINSt7__cxx1112basic_stringIcSt11char_traitsIcESaIcEEES7_EES7_RKT_RKT0_
FNA:9,0,_ZN7testing8internal33FormatForComparisonFailureMessageIiiEENSt7__cxx1112basic_stringIcSt11char_traitsIcESaIcEEERKT_RKT0_
FNL:10,490,492
FNA:10,0,_ZN7testing8internal7PrintToIiEEvRKT_PSo
FNL:11,700,702
FNA:11,0,_ZN7testing8internal7PrintToERKNSt7__cxx1112basic_stringIcSt11char_traitsIcESaIcEEEPSo
FNL:12,874,884
FNA:12,0,_ZN7testing8internal16UniversalPrinterINSt7__cxx1112basic_stringIcSt11char_traitsIcESaIcEEEE5PrintERKS7_PSo
FNA:12,0,_ZN7testing8internal16UniversalPrinterIiE5PrintERKiPSo
FNF:13
FNH:0
DA:248,0
DA:252,0
DA:253,0
DA:352,0
DA:362,0
DA:363,0
DA:383,0
DA:384,0
DA:392,0
DA:393,0
DA:437,0
DA:463,0
DA:465,0
DA:490,0
DA:491,0
DA:492,0
DA:700,0
DA:701,0
DA:702,0
DA:874,0
DA:883,0
DA:884,0
DA:1064,0
DA:1065,0
DA:1066,0
DA:1092,0
DA:1093,0
DA:1094,0
DA:1096,0
DA:1098,0
DA:1183,0
DA:1187,0
DA:1188,0
DA:1223,0
DA:1224,0
DA:1225,0
DA:1226,0
DA:1227,0
LF:38
LH:0
end_of_record
TN:
SF:/usr/include/gtest/gtest.h
FNL:0,1374,1380
FNA:0,0,_ZN7testing8internal18CmpHelperEQFailureINSt7__cxx1112basic_stringIcSt11char_traitsIcESaIcEEEA10_cEENS_15AssertionResultEPKcSB_RKT_RKT0_
FNA:0,0,_ZN7testing8internal18CmpHelperEQFailureINSt7__cxx1112basic_stringIcSt11char_traitsIcESaIcEEEA1_cEENS_15AssertionResultEPKcSB_RKT_RKT0_
FNA:0,0,_ZN7testing8internal18CmpHelperEQFailureINSt7__cxx1112basic_stringIcSt11char_traitsIcESaIcEEEA2_cEENS_15AssertionResultEPKcSB_RKT_RKT0_
FNA:0,0,_ZN7testing8internal18CmpHelperEQFailureINSt7__cxx1112basic_stringIcSt11char_traitsIcESaIcEEEA4_cEENS_15AssertionResultEPKcSB_RKT_RKT0_
FNA:0,0,_ZN7testing8internal18CmpHelperEQFailureINSt7__cxx1112basic_stringIcSt11char_traitsIcESaIcEEEA5_cEENS_15AssertionResultEPKcSB_RKT_RKT0_
FNA:0,0,_ZN7testing8internal18CmpHelperEQFailureINSt7__cxx1112basic_stringIcSt11char_traitsIcESaIcEEEA6_cEENS_15AssertionResultEPKcSB_RKT_RKT0_
FNA:0,0,_ZN7testing8internal18CmpHelperEQFailureINSt7__cxx1112basic_stringIcSt11char_traitsIcESaIcEEEA7_cEENS_15AssertionResultEPKcSB_RKT_RKT0_
FNA:0,0,_ZN7testing8internal18CmpHelperEQFailureINSt7__cxx1112basic_stringIcSt11char_traitsIcESaIcEEEA9_cEENS_15AssertionResultEPKcSB_RKT_RKT0_
FNA:0,0,_ZN7testing8internal18CmpHelperEQFailureINSt7__cxx1112basic_stringIcSt11char_traitsIcESaIcEEES7_EENS_15AssertionResultEPKcSA_RKT_RKT0_
FNA:0,0,_ZN7testing8internal18CmpHelperEQFailureIiiEENS_15AssertionResultEPKcS4_RKT_RKT0_
FNL:1,1391,1399
FNA:1,2,_ZN7testing8internal11CmpHelperEQINSt7__cxx1112basic_stringIcSt11char_traitsIcESaIcEEEA10_cEENS_15AssertionResultEPKcSB_RKT_RKT0_
FNA:1,2,_ZN7testing8internal11CmpHelperEQINSt7__cxx1112basic_stringIcSt11char_traitsIcESaIcEEEA1_cEENS_15AssertionResultEPKcSB_RKT_RKT0_
FNA:1,16,_ZN7testing8internal11CmpHelperEQINSt7__cxx1112basic_stringIcSt11char_traitsIcESaIcEEEA2_cEENS_15AssertionResultEPKcSB_RKT_RKT0_
FNA:1,3,_ZN7testing8internal11CmpHelperEQINSt7__cxx1112basic_stringIcSt11char_traitsIcESaIcEEEA4_cEENS_15AssertionResultEPKcSB_RKT_RKT0_
FNA:1,10,_ZN7testing8internal11CmpHelperEQINSt7__cxx1112basic_stringIcSt11char_traitsIcESaIcEEEA5_cEENS_15AssertionResultEPKcSB_RKT_RKT0_
FNA:1,31,_ZN7testing8internal11CmpHelperEQINSt7__cxx1112basic_stringIcSt11char_traitsIcESaIcEEEA6_cEENS_15AssertionResultEPKcSB_RKT_RKT0_
FNA:1,12,_ZN7testing8internal11CmpHelperEQINSt7__cxx1112basic_stringIcSt11char_traitsIcESaIcEEEA7_cEENS_15AssertionResultEPKcSB_RKT_RKT0_
FNA:1,1,_ZN7testing8internal11CmpHelperEQINSt7__cxx1112basic_stringIcSt11char_traitsIcESaIcEEEA9_cEENS_15AssertionResultEPKcSB_RKT_RKT0_
FNA:1,20,_ZN7testing8internal11CmpHelperEQINSt7__cxx1112basic_stringIcSt11char_traitsIcESaIcEEES7_EENS_15AssertionResultEPKcSA_RKT_RKT0_
FNA:1,48,_ZN7testing8internal11CmpHelperEQIiiEENS_15AssertionResultEPKcS4_RKT_RKT0_
FNL:2,1410,1414
FNA:2,2,_ZN7testing8internal8EqHelper7CompareINSt7__cxx1112basic_stringIcSt11char_traitsIcESaIcEEEA10_cLPv0EEENS_15AssertionResultEPKcSD_RKT_RKT0_
FNA:2,2,_ZN7testing8internal8EqHelper7CompareINSt7__cxx1112basic_stringIcSt11char_traitsIcESaIcEEEA1_cLPv0EEENS_15AssertionResultEPKcSD_RKT_RKT0_
FNA:2,16,_ZN7testing8internal8EqHelper7CompareINSt7__cxx1112basic_stringIcSt11char_traitsIcESaIcEEEA2_cLPv0EEENS_15AssertionResultEPKcSD_RKT_RKT0_
FNA:2,3,_ZN7testing8internal8EqHelper7CompareINSt7__cxx1112basic_stringIcSt11char_traitsIcESaIcEEEA4_cLPv0EEENS_15AssertionResultEPKcSD_RKT_RKT0_
FNA:2,10,_ZN7testing8internal8EqHelper7CompareINSt7__cxx1112basic_stringIcSt11char_traitsIcESaIcEEEA5_cLPv0EEENS_15AssertionResultEPKcSD_RKT_RKT0_
FNA:2,31,_ZN7testing8internal8EqHelper7CompareINSt7__cxx1112basic_stringIcSt11char_traitsIcESaIcEEEA6_cLPv0EEENS_15AssertionResultEPKcSD_RKT_RKT0_
FNA:2,12,_ZN7testing8internal8EqHelper7CompareINSt7__cxx1112basic_stringIcSt11char_traitsIcESaIcEEEA7_cLPv0EEENS_15AssertionResultEPKcSD_RKT_RKT0_
FNA:2,1,_ZN7testing8internal8EqHelper7CompareINSt7__cxx1112basic_stringIcSt11char_traitsIcESaIcEEEA9_cLPv0EEENS_15AssertionResultEPKcSD_RKT_RKT0_
FNA:2,20,_ZN7testing8internal8EqHelper7CompareINSt7__cxx1112basic_stringIcSt11char_traitsIcESaIcEEES8_LPv0EEENS_15AssertionResultEPKcSC_RKT_RKT0_
FNA:2,48,_ZN7testing8internal8EqHelper7CompareIiiLPv0EEENS_15AssertionResultEPKcS6_RKT_RKT0_
FNL:3,255,255
FNA:3,0,_ZN7testing4Test14SetUpTestSuiteEv
FNL:4,263,263
FNA:4,0,_ZN7testing4Test17TearDownTestSuiteEv
FNL:5,268,268
FNA:5,0,_ZN7testing4Test16TearDownTestCaseEv
FNL:6,269,269
FNA:6,0,_ZN7testing4Test13SetUpTestCaseEv
FNL:7,356,356
FNA:7,0,_ZN7testing4Test5SetupEv
FNF:8
FNH:2
DA:255,0
DA:263,0
DA:268,0
DA:269,0
DA:356,0
DA:1374,0
DA:1378,0
DA:1379,0
DA:1391,145
DA:1394,145
DA:1395,145
DA:1398,0
DA:1410,145
DA:1413,145
LF:14
LH:5
end_of_record
TN:
SF:/usr/include/gtest/internal/gtest-internal.h
FNL:0,429,429
FNA:0,0,_ZN7testing8internal15TestFactoryBaseD0Ev
FNA:0,68,_ZN7testing8internal15TestFactoryBaseD2Ev
FNL:1,436,436
FNA:1,68,_ZN7testing8internal15TestFactoryBaseC2Ev
FNL:2,448,448
FNA:2,1,_ZN7testing8internal15TestFactoryImplI18StackTest_Pop_TestE10CreateTestEv
FNA:2,1,_ZN7testing8internal15TestFactoryImplI19StackTest_Push_TestE10CreateTestEv
FNA:2,1,_ZN7testing8internal15TestFactoryImplI20ArrayTest_Print_TestE10CreateTestEv
FNA:2,1,_ZN7testing8internal15TestFactoryImplI20QueueTest_Print_TestE10CreateTestEv
FNA:2,1,_ZN7testing8internal15TestFactoryImplI20StackTest_Print_TestE10CreateTestEv
FNA:2,1,_ZN7testing8internal15TestFactoryImplI21ArrayTest_Insert_TestE10CreateTestEv
FNA:2,1,_ZN7testing8internal15TestFactoryImplI21ArrayTest_Remove_TestE10CreateTestEv
FNA:2,1,_ZN7testing8internal15TestFactoryImplI21ArrayTest_SetGet_TestE10CreateTestEv
FNA:2,1,_ZN7testing8internal15TestFactoryImplI22QueueTest_Dequeue_TestE10CreateTestEv
FNA:2,1,_ZN7testing8internal15TestFactoryImplI22QueueTest_Enqueue_TestE10CreateTestEv
FNA:2,1,_ZN7testing8internal15TestFactoryImplI23DoublyListTest_Get_TestE10CreateTestEv
FNA:2,1,_ZN7testing8internal15TestFactoryImplI23StackTest_Contains_TestE10CreateTestEv
FNA:2,1,_ZN7testing8internal15TestFactoryImplI25DoublyListTest_Print_TestE10CreateTestEv
FNA:2,1,_ZN7testing8internal15TestFactoryImplI26DoublyListTest_Insert_TestE10CreateTestEv
FNA:2,1,_ZN7testing8internal15TestFactoryImplI26DoublyListTest_Remove_TestE10CreateTestEv
FNA:2,1,_ZN7testing8internal15TestFactoryImplI27ArrayTest_InsertErrors_TestE10CreateTestEv
FNA:2,1,_ZN7testing8internal15TestFactoryImplI27ForwardListTest_Insert_TestE10CreateTestEv
FNA:2,1,_ZN7testing8internal15TestFactoryImplI27ForwardListTest_Remove_TestE10CreateTestEv
FNA:2,1,_ZN7testing8internal15TestFactoryImplI28ArrayTest_Serialization_TestE10CreateTestEv
FNA:2,1,_ZN7testing8internal15TestFactoryImplI28QueueTest_Serialization_TestE10CreateTestEv
FNA:2,1,_ZN7testing8internal15TestFactoryImplI28RedBlackTreeTest_Insert_TestE10CreateTestEv
FNA:2,1,_ZN7testing8internal15TestFactoryImplI29ForwardListTest_PopFront_TestE10CreateTestEv
FNA:2,1,_ZN7testing8internal15TestFactoryImplI30ChainHashTableTest_HasKey_TestE10CreateTestEv
FNA:2,1,_ZN7testing8internal15TestFactoryImplI30ChainHashTableTest_Remove_TestE10CreateTestEv
FNA:2,1,_ZN7testing8internal15TestFactoryImplI30ForwardListTest_PushFront_TestE10CreateTestEv
FNA:2,1,_ZN7testing8internal15TestFactoryImplI31RedBlackTreeTest_EdgeCases_TestE10CreateTestEv
FNA:2,1,_ZN7testing8internal15TestFactoryImplI32ArrayTest_TextSerialization_TestE10CreateTestEv
FNA:2,1,_ZN7testing8internal15TestFactoryImplI32DoublyListTest_PopFrontBack_TestE10CreateTestEv
FNA:2,1,_ZN7testing8internal15TestFactoryImplI32QueueTest_ComplexOperations_TestE10CreateTestEv
FNA:2,1,_ZN7testing8internal15TestFactoryImplI32QueueTest_TextSerialization_TestE10CreateTestEv
FNA:2,1,_ZN7testing8internal15TestFactoryImplI32StackTest_TextSerialization_TestE10CreateTestEv
FNA:2,1,_ZN7testing8internal15TestFactoryImplI33DoublyListTest_PushFrontBack_TestE10CreateTestEv
FNA:2,1,_ZN7testing8internal15TestFactoryImplI33DoublyListTest_Serialization_TestE10CreateTestEv
FNA:2,1,_ZN7testing8internal15TestFactoryImplI34ArrayTest_BinarySerialization_TestE10CreateTestEv
FNA:2,1,_ZN7testing8internal15TestFactoryImplI34ForwardListTest_Serialization_TestE10CreateTestEv
FNA:2,1,_ZN7testing8internal15TestFactoryImplI34QueueTest_BinarySerialization_TestE10CreateTestEv
FNA:2,1,_ZN7testing8internal15TestFactoryImplI34StackTest_BinarySerialization_TestE10CreateTestEv
FNA:2,1,_ZN7testing8internal15TestFactoryImplI35ChainHashTableTest_UpdateValue_TestE10CreateTestEv
FNA:2,1,_ZN7testing8internal15TestFactoryImplI35StackTest_SerializeDeserialize_TestE10CreateTestEv
FNA:2,1,_ZN7testing8internal15TestFactoryImplI37ChainHashTableTest_InsertAndFind_TestE10CreateTestEv
FNA:2,1,_ZN7testing8internal15TestFactoryImplI37DoublyListTest_TextSerialization_TestE10CreateTestEv
FNA:2,1,_ZN7testing8internal15TestFactoryImplI38ArrayTest_EmptyArraySerialization_TestE10CreateTestEv
FNA:2,1,_ZN7testing8internal15TestFactoryImplI38ForwardListTest_TextSerialization_TestE10CreateTestEv
FNA:2,1,_ZN7testing8internal15TestFactoryImplI38QueueTest_EmptyQueueSerialization_TestE10CreateTestEv
FNA:2,1,_ZN7testing8internal15TestFactoryImplI38RedBlackTreeTest_RotationCoverage_TestE10CreateTestEv
FNA:2,1,_ZN7testing8internal15TestFactoryImplI38StackTest_EmptyStackSerialization_TestE10CreateTestEv
FNA:2,1,_ZN7testing8internal15TestFactoryImplI39DoublyListTest_BinarySerialization_TestE10CreateTestEv
FNA:2,1,_ZN7testing8internal15TestFactoryImplI39RedBlackTreeTest_ComplexInsertions_TestE10CreateTestEv
FNA:2,1,_ZN7testing8internal15TestFactoryImplI39RedBlackTreeTest_TextSerialization_TestE10CreateTestEv
FNA:2,1,_ZN7testing8internal15TestFactoryImplI40ForwardListTest_BinarySerialization_TestE10CreateTestEv
FNA:2,1,_ZN7testing8internal15TestFactoryImplI40RedBlackTreeTest_ExtensiveRotations_TestE10CreateTestEv
FNA:2,1,_ZN7testing8internal15TestFactoryImplI41ArrayTest_ConstructorAndInitialState_TestE10CreateTestEv
FNA:2,1,_ZN7testing8internal15TestFactoryImplI41ChainHashTableTest_CollisionHandling_TestE10CreateTestEv
FNA:2,1,_ZN7testing8internal15TestFactoryImplI41ChainHashTableTest_JsonSerialization_TestE10CreateTestEv
FNA:2,1,_ZN7testing8internal15TestFactoryImplI41ChainHashTableTest_TextSerialization_TestE10CreateTestEv
FNA:2,1,_ZN7testing8internal15TestFactoryImplI41QueueTest_ConstructorAndInitialState_TestE10CreateTestEv
FNA:2,1,_ZN7testing8internal15TestFactoryImplI41RedBlackTreeTest_BinarySerialization_TestE10CreateTestEv
FNA:2,1,_ZN7testing8internal15TestFactoryImplI41StackTest_ConstructorAndInitialState_TestE10CreateTestEv
FNA:2,1,_ZN7testing8internal15TestFactoryImplI42DoublyListTest_EmptyListSerialization_TestE10CreateTestEv
FNA:2,1,_ZN7testing8internal15TestFactoryImplI42RedBlackTreeTest_SerializeDeserialize_TestE10CreateTestEv
FNA:2,1,_ZN7testing8internal15TestFactoryImplI43ChainHashTableTest_BinarySerialization_TestE10CreateTestEv
FNA:2,1,_ZN7testing8internal15TestFactoryImplI43ForwardListTest_EmptyListSerialization_TestE10CreateTestEv
FNA:2,1,_ZN7testing8internal15TestFactoryImplI44RedBlackTreeTest_EmptyTreeSerialization_TestE10CreateTestEv
FNA:2,1,_ZN7testing8internal15TestFactoryImplI46DoublyListTest_ConstructorAndInitialState_TestE10CreateTestEv
FNA:2,1,_ZN7testing8internal15TestFactoryImplI47ChainHashTableTest_EmptyTableSerialization_TestE10CreateTestEv
FNA:2,1,_ZN7testing8internal15TestFactoryImplI47ForwardListTest_ConstructorAndInitialState_TestE10CreateTestEv
FNA:2,1,_ZN7testing8internal15TestFactoryImplI48RedBlackTreeTest_ConstructorAndInitialState_TestE10CreateTestEv
FNA:2,1,_ZN7testing8internal15TestFactoryImplI50ChainHashTableTest_ConstructorAndInitialState_TestE10CreateTestEv
FNL:3,469,470
FNA:3,68,_ZN7testing8internal12CodeLocationC2ENSt7__cxx1112basic_stringIcSt11char_traitsIcESaIcEEEi
FNL:4,482,485
FNA:4,272,_ZN7testing8internal19GetNotDefaultOrNullEPFvvES2_
FNL:5,497,516
FNA:5,68,_ZN7testing8internal16SuiteApiResolverINS_4TestEE19GetSetUpCaseOrSuiteEPKci
FNL:6,518,537
FNA:6,68,_ZN7testing8internal16SuiteApiResolverINS_4TestEE22GetTearDownCaseOrSuiteEPKci
FNL:7,829,829
FNA:7,10,_ZN7testing8internal14TrueWithStringC2Ev
FNL:8,832,832
FNA:8,10,_ZNK7testing8internal14TrueWithStringcvbEv
FNF:9
FNH:9
DA:429,68
DA:436,68
DA:448,136
DA:469,68
DA:470,136
DA:482,272
DA:484,272
DA:497,68
DA:501,68
DA:503,68
DA:505,68
DA:508,0
DA:510,68
DA:518,68
DA:522,68
DA:524,68
DA:526,68
DA:529,0
DA:531,68
DA:829,10
DA:832,10
LF:21
LH:19
end_of_record
TN:
SF:/usr/include/gtest/internal/gtest-port.h
FNL:0,1050,1050
FNA:0,0,_ZN7testing8internal8GTestLog9GetStreamEv
FNF:1
FNH:0
DA:1050,0
LF:1
LH:0
end_of_record
TN:
SF:/usr/include/gtest/internal/gtest-type-util.h
FNL:0,61,87
FNA:0,0,_ZN7testing8internal31CanonicalizeForStdLibVersioningENSt7__cxx1112basic_stringIcSt11char_traitsIcESaIcEEE
FNL:1,91,121
FNA:1,0,_ZN7testing8internal11GetTypeNameB5cxx11ERKSt9type_info
FNF:2
FNH:0
DA:61,0
DA:63,0
DA:64,0
DA:65,0
DA:67,0
DA:74,0
DA:75,0
DA:78,0
DA:79,0
DA:80,0
DA:83,0
DA:84,0
DA:86,0
DA:91,0
DA:92,0
DA:94,0
DA:100,0
DA:101,0
DA:102,0
DA:103,0
DA:121,0
LF:21
LH:0
end_of_record
TN:
SF:/usr/include/x86_64-linux-gnu/c++/15/bits/c++config.h
FNF:0
FNH:0
DA:589,2537
LF:1
LH:1
end_of_record
